mode: atomic
github.com/xrehpicx/wts/main.go:17.2,18.43 2 0
github.com/xrehpicx/wts/main.go:20.3,20.84 1 0
github.com/xrehpicx/wts/main.go:21.4,22.1 1 0
github.com/xrehpicx/wts/main.go:23.3,23.19 1 0
github.com/xrehpicx/wts/main.go:24.4,24.36 1 0
github.com/xrehpicx/wts/main.go:25.5,25.32 1 0
github.com/xrehpicx/wts/main.go:26.6,26.27 1 0
github.com/xrehpicx/wts/main.go:27.7,28.1 1 0
github.com/xrehpicx/wts/main.go:29.7,30.1 1 0
github.com/xrehpicx/wts/main.go:31.6,31.11 1 0
github.com/xrehpicx/wts/main.go:36.2,36.53 1 0
github.com/xrehpicx/wts/main.go:37.3,39.1 2 0
github.com/xrehpicx/wts/cmd/genman/main.go:17.2,21.1 7 0
github.com/xrehpicx/wts/cmd/genman/main.go:22.2,24.1 7 0
github.com/xrehpicx/wts/cmd/genman/main.go:25.2,25.52 7 0
github.com/xrehpicx/wts/cmd/genman/main.go:26.3,26.47 1 0
github.com/xrehpicx/wts/cmd/genman/main.go:28.2,28.51 1 0
github.com/xrehpicx/wts/cmd/genman/main.go:29.3,29.52 1 0
github.com/xrehpicx/wts/cmd/genman/main.go:32.2,37.1 2 0
github.com/xrehpicx/wts/cmd/genman/main.go:39.2,39.62 2 0
github.com/xrehpicx/wts/cmd/genman/main.go:40.3,40.51 1 0
github.com/xrehpicx/wts/cmd/genman/main.go:42.2,42.58 1 0
github.com/xrehpicx/wts/cmd/genman/main.go:43.3,43.55 1 0
github.com/xrehpicx/wts/cmd/genman/main.go:45.2,45.57 1 0
github.com/xrehpicx/wts/cmd/genman/main.go:46.3,46.52 1 0
github.com/xrehpicx/wts/cmd/genman/main.go:48.2,48.56 1 0
github.com/xrehpicx/wts/cmd/genman/main.go:49.3,49.56 1 0
github.com/xrehpicx/wts/cmd/genman/main.go:54.2,54.90 1 2
github.com/xrehpicx/wts/cmd/genman/main.go:55.3,55.21 1 5
github.com/xrehpicx/wts/cmd/genman/main.go:56.4,57.1 1 0
github.com/xrehpicx/wts/cmd/genman/main.go:58.3,58.20 1 5
github.com/xrehpicx/wts/cmd/genman/main.go:59.4,60.1 1 2
github.com/xrehpicx/wts/cmd/genman/main.go:61.3,62.17 2 3
github.com/xrehpicx/wts/cmd/genman/main.go:63.4,64.1 1 0
github.com/xrehpicx/wts/cmd/genman/main.go:65.3,65.31 1 3
github.com/xrehpicx/wts/cmd/genman/main.go:66.4,67.1 1 1
github.com/xrehpicx/wts/cmd/genman/main.go:68.3,69.17 2 2
github.com/xrehpicx/wts/cmd/genman/main.go:70.4,71.1 1 0
github.com/xrehpicx/wts/cmd/genman/main.go:72.3,76.40 5 2
github.com/xrehpicx/wts/cmd/genman/main.go:77.4,78.1 1 0
github.com/xrehpicx/wts/cmd/genman/main.go:79.3,79.60 1 2
github.com/xrehpicx/wts/internal/detect/custom.go:50.42,50.62 1 1
github.com/xrehpicx/wts/internal/detect/custom.go:53.2,53.39 1 2
github.com/xrehpicx/wts/internal/detect/custom.go:54.3,55.17 2 2
github.com/xrehpicx/wts/internal/detect/custom.go:56.4,56.38 1 1
github.com/xrehpicx/wts/internal/detect/custom.go:57.5,58.1 1 1
github.com/xrehpicx/wts/internal/detect/custom.go:59.4,59.61 1 0
github.com/xrehpicx/wts/internal/detect/custom.go:61.3,61.19 1 1
github.com/xrehpicx/wts/internal/detect/custom.go:62.4,63.1 1 0
github.com/xrehpicx/wts/internal/detect/custom.go:66.2,67.37 2 1
github.com/xrehpicx/wts/internal/detect/custom.go:68.3,69.1 1 2
github.com/xrehpicx/wts/internal/detect/custom.go:70.2,70.21 1 1
github.com/xrehpicx/wts/internal/detect/custom.go:71.3,72.1 1 0
github.com/xrehpicx/wts/internal/detect/custom.go:73.2,73.58 1 1
github.com/xrehpicx/wts/internal/detect/custom.go:80.2,82.16 3 2
github.com/xrehpicx/wts/internal/detect/custom.go:83.3,83.37 1 0
github.com/xrehpicx/wts/internal/detect/custom.go:84.4,85.1 1 0
github.com/xrehpicx/wts/internal/detect/custom.go:86.3,86.61 1 0
github.com/xrehpicx/wts/internal/detect/custom.go:89.2,91.28 3 2
github.com/xrehpicx/wts/internal/detect/custom.go:92.3,92.16 1 2
github.com/xrehpicx/wts/internal/detect/custom.go:93.4,93.12 1 0
github.com/xrehpicx/wts/internal/detect/custom.go:95.3,96.38 2 2
github.com/xrehpicx/wts/internal/detect/custom.go:97.4,97.12 1 0
github.com/xrehpicx/wts/internal/detect/custom.go:100.3,101.17 2 2
github.com/xrehpicx/wts/internal/detect/custom.go:102.4,103.1 1 0
github.com/xrehpicx/wts/internal/detect/custom.go:104.3,107.47 4 2
github.com/xrehpicx/wts/internal/detect/custom.go:108.4,109.1 1 0
github.com/xrehpicx/wts/internal/detect/custom.go:110.3,111.61 2 2
github.com/xrehpicx/wts/internal/detect/custom.go:112.4,112.18 1 0
github.com/xrehpicx/wts/internal/detect/custom.go:113.5,114.1 1 0
github.com/xrehpicx/wts/internal/detect/custom.go:115.4,115.85 1 0
github.com/xrehpicx/wts/internal/detect/custom.go:117.3,117.56 1 2
github.com/xrehpicx/wts/internal/detect/custom.go:118.4,119.1 1 1
github.com/xrehpicx/wts/internal/detect/custom.go:120.3,120.55 1 1
github.com/xrehpicx/wts/internal/detect/custom.go:121.4,122.1 1 0
github.com/xrehpicx/wts/internal/detect/custom.go:123.3,124.61 2 1
github.com/xrehpicx/wts/internal/detect/custom.go:126.2,126.23 1 1
github.com/xrehpicx/wts/internal/detect/custom.go:130.2,131.21 2 2
github.com/xrehpicx/wts/internal/detect/custom.go:132.3,133.1 1 0
github.com/xrehpicx/wts/internal/detect/custom.go:134.2,134.47 1 2
github.com/xrehpicx/wts/internal/detect/custom.go:135.3,136.1 1 0
github.com/xrehpicx/wts/internal/detect/custom.go:137.2,137.32 1 2
github.com/xrehpicx/wts/internal/detect/custom.go:138.3,139.1 1 0
github.com/xrehpicx/wts/internal/detect/custom.go:140.2,141.40 2 2
github.com/xrehpicx/wts/internal/detect/custom.go:142.3,143.45 2 2
github.com/xrehpicx/wts/internal/detect/custom.go:144.4,145.1 1 1
github.com/xrehpicx/wts/internal/detect/custom.go:146.3,146.43 1 1
github.com/xrehpicx/wts/internal/detect/custom.go:147.4,148.1 1 0
github.com/xrehpicx/wts/internal/detect/custom.go:149.3,150.29 2 1
github.com/xrehpicx/wts/internal/detect/custom.go:152.2,152.30 1 1
github.com/xrehpicx/wts/internal/detect/custom.go:153.3,154.1 1 0
github.com/xrehpicx/wts/internal/detect/custom.go:155.2,156.32 2 1
github.com/xrehpicx/wts/internal/detect/custom.go:157.3,160.73 4 2
github.com/xrehpicx/wts/internal/detect/custom.go:161.4,162.1 1 0
github.com/xrehpicx/wts/internal/detect/custom.go:163.3,163.28 1 2
github.com/xrehpicx/wts/internal/detect/custom.go:164.4,165.1 1 0
github.com/xrehpicx/wts/internal/detect/custom.go:166.3,166.55 1 2
github.com/xrehpicx/wts/internal/detect/custom.go:167.4,168.1 1 0
github.com/xrehpicx/wts/internal/detect/custom.go:169.3,169.43 1 2
github.com/xrehpicx/wts/internal/detect/custom.go:171.2,171.12 1 1
github.com/xrehpicx/wts/internal/detect/custom.go:177.2,177.52 1 0
github.com/xrehpicx/wts/internal/detect/custom.go:178.3,179.1 1 0
github.com/xrehpicx/wts/internal/detect/custom.go:180.2,181.16 2 0
github.com/xrehpicx/wts/internal/detect/custom.go:182.3,183.1 1 0
github.com/xrehpicx/wts/internal/detect/custom.go:184.2,184.46 1 0
github.com/xrehpicx/wts/internal/detect/detect.go:36.2,41.1 1 1
github.com/xrehpicx/wts/internal/detect/detect.go:48.2,50.1 3 4
github.com/xrehpicx/wts/internal/detect/detect.go:51.2,51.21 3 4
github.com/xrehpicx/wts/internal/detect/detect.go:52.3,53.17 2 0
github.com/xrehpicx/wts/internal/detect/detect.go:54.4,55.1 1 0
github.com/xrehpicx/wts/internal/detect/detect.go:56.3,56.31 1 0
github.com/xrehpicx/wts/internal/detect/detect.go:58.2,58.17 1 4
github.com/xrehpicx/wts/internal/detect/detect.go:65.2,66.16 2 4
github.com/xrehpicx/wts/internal/detect/detect.go:67.3,68.1 1 0
github.com/xrehpicx/wts/internal/detect/detect.go:69.2,69.30 1 4
github.com/xrehpicx/wts/internal/detect/detect.go:70.3,71.17 2 10
github.com/xrehpicx/wts/internal/detect/detect.go:72.4,73.1 1 1
github.com/xrehpicx/wts/internal/detect/detect.go:74.3,74.20 1 9
github.com/xrehpicx/wts/internal/detect/detect.go:75.4,75.53 1 2
github.com/xrehpicx/wts/internal/detect/detect.go:76.5,77.1 1 0
github.com/xrehpicx/wts/internal/detect/detect.go:78.4,78.22 1 2
github.com/xrehpicx/wts/internal/detect/detect.go:81.2,81.17 1 1
github.com/xrehpicx/wts/internal/detect/detect.go:85.2,85.49 1 9
github.com/xrehpicx/wts/internal/detect/detect.go:86.3,87.1 1 8
github.com/xrehpicx/wts/internal/detect/detect.go:88.2,88.62 1 1
github.com/xrehpicx/wts/internal/detect/detect.go:92.2,93.16 2 38
github.com/xrehpicx/wts/internal/detect/detect.go:94.3,94.37 1 28
github.com/xrehpicx/wts/internal/detect/detect.go:95.4,96.1 1 28
github.com/xrehpicx/wts/internal/detect/detect.go:97.3,97.20 1 0
github.com/xrehpicx/wts/internal/detect/detect.go:99.2,99.37 1 10
github.com/xrehpicx/wts/internal/detect/golang.go:13.38,13.51 1 0
github.com/xrehpicx/wts/internal/detect/golang.go:16.2,17.16 2 4
github.com/xrehpicx/wts/internal/detect/golang.go:18.3,19.1 1 0
github.com/xrehpicx/wts/internal/detect/golang.go:20.2,20.13 1 4
github.com/xrehpicx/wts/internal/detect/golang.go:21.3,22.1 1 2
github.com/xrehpicx/wts/internal/detect/golang.go:24.2,27.39 4 2
github.com/xrehpicx/wts/internal/detect/golang.go:28.3,29.1 1 0
github.com/xrehpicx/wts/internal/detect/golang.go:30.2,30.16 1 2
github.com/xrehpicx/wts/internal/detect/golang.go:31.3,31.29 1 1
github.com/xrehpicx/wts/internal/detect/golang.go:32.4,32.17 1 2
github.com/xrehpicx/wts/internal/detect/golang.go:33.5,37.1 1 2
github.com/xrehpicx/wts/internal/detect/golang.go:41.2,41.21 1 2
github.com/xrehpicx/wts/internal/detect/golang.go:42.3,46.1 1 1
github.com/xrehpicx/wts/internal/detect/golang.go:48.2,48.51 1 2
github.com/xrehpicx/wts/internal/detect/makefile.go:24.44,24.63 1 0
github.com/xrehpicx/wts/internal/detect/makefile.go:27.2,27.71 1 4
github.com/xrehpicx/wts/internal/detect/makefile.go:28.3,29.17 2 6
github.com/xrehpicx/wts/internal/detect/makefile.go:30.4,31.1 1 0
github.com/xrehpicx/wts/internal/detect/makefile.go:32.3,32.21 1 6
github.com/xrehpicx/wts/internal/detect/makefile.go:33.4,34.1 1 3
github.com/xrehpicx/wts/internal/detect/makefile.go:36.2,36.17 1 1
github.com/xrehpicx/wts/internal/detect/makefile.go:40.2,41.16 2 6
github.com/xrehpicx/wts/internal/detect/makefile.go:42.3,42.25 1 3
github.com/xrehpicx/wts/internal/detect/makefile.go:43.4,44.1 1 3
github.com/xrehpicx/wts/internal/detect/makefile.go:45.3,45.18 1 0
github.com/xrehpicx/wts/internal/detect/makefile.go:47.2,47.15 1 3
github.com/xrehpicx/wts/internal/detect/makefile.go:47.17,47.32 1 3
github.com/xrehpicx/wts/internal/detect/makefile.go:49.2,53.21 5 3
github.com/xrehpicx/wts/internal/detect/makefile.go:54.3,55.68 2 20
github.com/xrehpicx/wts/internal/detect/makefile.go:56.4,56.12 1 7
github.com/xrehpicx/wts/internal/detect/makefile.go:58.3,59.23 2 13
github.com/xrehpicx/wts/internal/detect/makefile.go:60.4,60.12 1 5
github.com/xrehpicx/wts/internal/detect/makefile.go:62.3,63.64 2 8
github.com/xrehpicx/wts/internal/detect/makefile.go:64.4,64.12 1 2
github.com/xrehpicx/wts/internal/detect/makefile.go:66.3,66.47 1 6
github.com/xrehpicx/wts/internal/detect/makefile.go:67.4,67.12 1 1
github.com/xrehpicx/wts/internal/detect/makefile.go:69.3,73.5 2 5
github.com/xrehpicx/wts/internal/detect/makefile.go:75.2,75.38 1 3
github.com/xrehpicx/wts/internal/detect/makefile.go:76.3,77.1 1 0
github.com/xrehpicx/wts/internal/detect/makefile.go:78.2,78.19 1 3
github.com/xrehpicx/wts/internal/detect/node.go:15.40,15.57 1 1
github.com/xrehpicx/wts/internal/detect/node.go:18.2,20.16 3 9
github.com/xrehpicx/wts/internal/detect/node.go:21.3,21.25 1 3
github.com/xrehpicx/wts/internal/detect/node.go:22.4,23.1 1 3
github.com/xrehpicx/wts/internal/detect/node.go:24.3,24.55 1 0
github.com/xrehpicx/wts/internal/detect/node.go:27.2,29.1 2 6
github.com/xrehpicx/wts/internal/detect/node.go:30.2,30.51 2 6
github.com/xrehpicx/wts/internal/detect/node.go:31.3,32.1 1 1
github.com/xrehpicx/wts/internal/detect/node.go:33.2,33.27 1 5
github.com/xrehpicx/wts/internal/detect/node.go:34.3,35.1 1 0
github.com/xrehpicx/wts/internal/detect/node.go:37.2,38.16 2 5
github.com/xrehpicx/wts/internal/detect/node.go:39.3,40.1 1 0
github.com/xrehpicx/wts/internal/detect/node.go:42.2,43.32 2 5
github.com/xrehpicx/wts/internal/detect/node.go:44.3,45.1 1 7
github.com/xrehpicx/wts/internal/detect/node.go:46.2,47.1 3 5
github.com/xrehpicx/wts/internal/detect/node.go:48.2,49.29 3 5
github.com/xrehpicx/wts/internal/detect/node.go:50.3,54.1 1 7
github.com/xrehpicx/wts/internal/detect/node.go:55.2,55.55 1 5
github.com/xrehpicx/wts/internal/detect/node.go:60.2,68.1 1 5
github.com/xrehpicx/wts/internal/detect/node.go:69.3,70.17 2 16
github.com/xrehpicx/wts/internal/detect/node.go:71.4,72.1 1 0
github.com/xrehpicx/wts/internal/detect/node.go:73.3,73.13 1 16
github.com/xrehpicx/wts/internal/detect/node.go:74.4,75.1 1 2
github.com/xrehpicx/wts/internal/detect/node.go:77.2,77.19 1 3
github.com/xrehpicx/wts/internal/detect/python.go:12.42,12.59 1 0
github.com/xrehpicx/wts/internal/detect/python.go:15.2,17.28 3 4
github.com/xrehpicx/wts/internal/detect/python.go:18.3,19.17 2 8
github.com/xrehpicx/wts/internal/detect/python.go:20.4,21.1 1 0
github.com/xrehpicx/wts/internal/detect/python.go:22.3,22.13 1 8
github.com/xrehpicx/wts/internal/detect/python.go:23.4,24.9 2 3
github.com/xrehpicx/wts/internal/detect/python.go:27.2,27.12 1 4
github.com/xrehpicx/wts/internal/detect/python.go:28.3,29.1 1 1
github.com/xrehpicx/wts/internal/detect/python.go:31.2,32.1 3 3
github.com/xrehpicx/wts/internal/detect/python.go:33.2,34.16 3 3
github.com/xrehpicx/wts/internal/detect/python.go:35.3,36.1 1 0
github.com/xrehpicx/wts/internal/detect/python.go:37.2,37.18 1 3
github.com/xrehpicx/wts/internal/detect/python.go:38.3,47.1 3 1
github.com/xrehpicx/wts/internal/detect/python.go:49.2,50.16 2 2
github.com/xrehpicx/wts/internal/detect/python.go:51.3,52.1 1 0
github.com/xrehpicx/wts/internal/detect/python.go:53.2,54.16 2 2
github.com/xrehpicx/wts/internal/detect/python.go:55.3,56.1 1 0
github.com/xrehpicx/wts/internal/detect/python.go:57.2,57.18 1 2
github.com/xrehpicx/wts/internal/detect/python.go:58.3,62.1 1 1
github.com/xrehpicx/wts/internal/detect/python.go:63.2,63.57 1 2
github.com/xrehpicx/wts/internal/detect/python.go:64.3,68.1 1 1
github.com/xrehpicx/wts/internal/detect/python.go:70.2,70.21 1 2
github.com/xrehpicx/wts/internal/detect/python.go:71.3,72.1 1 1
github.com/xrehpicx/wts/internal/detect/python.go:73.2,73.55 1 1
github.com/xrehpicx/wts/internal/detect/python.go:77.2,83.1 1 2
github.com/xrehpicx/wts/internal/detect/python.go:84.3,85.17 2 4
github.com/xrehpicx/wts/internal/detect/python.go:86.4,87.1 1 0
github.com/xrehpicx/wts/internal/detect/python.go:88.3,88.13 1 4
github.com/xrehpicx/wts/internal/detect/python.go:89.4,90.1 1 1
github.com/xrehpicx/wts/internal/detect/python.go:92.2,92.16 1 1
github.com/xrehpicx/wts/internal/detect/python.go:96.2,96.54 1 2
github.com/xrehpicx/wts/internal/detect/python.go:97.3,98.17 2 3
github.com/xrehpicx/wts/internal/detect/python.go:99.4,100.1 1 0
github.com/xrehpicx/wts/internal/detect/python.go:101.3,101.13 1 3
github.com/xrehpicx/wts/internal/detect/python.go:102.4,103.1 1 1
github.com/xrehpicx/wts/internal/detect/python.go:105.2,105.16 1 1
github.com/xrehpicx/wts/internal/detect/python.go:109.2,109.18 1 2
github.com/xrehpicx/wts/internal/detect/python.go:110.3,111.1 1 1
github.com/xrehpicx/wts/internal/detect/python.go:112.2,112.26 1 1
github.com/xrehpicx/wts/internal/config/config.go:24.2,24.22 1 10
github.com/xrehpicx/wts/internal/config/config.go:25.3,26.17 2 0
github.com/xrehpicx/wts/internal/config/config.go:27.4,28.1 1 0
github.com/xrehpicx/wts/internal/config/config.go:29.3,29.53 1 0
github.com/xrehpicx/wts/internal/config/config.go:32.2,33.16 2 10
github.com/xrehpicx/wts/internal/config/config.go:34.3,35.1 1 0
github.com/xrehpicx/wts/internal/config/config.go:37.2,38.16 2 10
github.com/xrehpicx/wts/internal/config/config.go:39.3,39.37 1 0
github.com/xrehpicx/wts/internal/config/config.go:40.4,41.1 1 0
github.com/xrehpicx/wts/internal/config/config.go:42.3,42.49 1 0
github.com/xrehpicx/wts/internal/config/config.go:45.2,48.45 4 10
github.com/xrehpicx/wts/internal/config/config.go:49.3,50.1 1 1
github.com/xrehpicx/wts/internal/config/config.go:51.2,52.60 2 9
github.com/xrehpicx/wts/internal/config/config.go:53.3,53.17 1 1
github.com/xrehpicx/wts/internal/config/config.go:54.4,55.1 1 0
github.com/xrehpicx/wts/internal/config/config.go:56.3,56.74 1 1
github.com/xrehpicx/wts/internal/config/config.go:59.2,60.51 2 8
github.com/xrehpicx/wts/internal/config/config.go:61.3,62.1 1 4
github.com/xrehpicx/wts/internal/config/config.go:64.2,64.53 1 4
github.com/xrehpicx/wts/internal/config/config.go:68.2,68.22 1 2
github.com/xrehpicx/wts/internal/config/config.go:69.3,70.17 2 0
github.com/xrehpicx/wts/internal/config/config.go:71.4,72.1 1 0
github.com/xrehpicx/wts/internal/config/config.go:73.3,73.53 1 0
github.com/xrehpicx/wts/internal/config/config.go:76.2,77.16 2 2
github.com/xrehpicx/wts/internal/config/config.go:78.3,79.1 1 0
github.com/xrehpicx/wts/internal/config/config.go:80.2,81.16 2 2
github.com/xrehpicx/wts/internal/config/config.go:82.3,83.1 1 0
github.com/xrehpicx/wts/internal/config/config.go:84.2,85.16 2 2
github.com/xrehpicx/wts/internal/config/config.go:86.3,87.1 1 0
github.com/xrehpicx/wts/internal/config/config.go:88.2,88.55 1 2
github.com/xrehpicx/wts/internal/config/config.go:89.3,90.1 1 0
github.com/xrehpicx/wts/internal/config/config.go:92.2,92.72 1 2
github.com/xrehpicx/wts/internal/config/config.go:97.2,98.16 2 3
github.com/xrehpicx/wts/internal/config/config.go:99.3,100.1 1 1
github.com/xrehpicx/wts/internal/config/config.go:101.2,101.36 1 2
github.com/xrehpicx/wts/internal/config/config.go:105.2,108.45 4 4
github.com/xrehpicx/wts/internal/config/config.go:109.3,110.1 1 0
github.com/xrehpicx/wts/internal/config/config.go:111.2,111.40 1 4
github.com/xrehpicx/wts/internal/config/config.go:112.3,113.1 1 0
github.com/xrehpicx/wts/internal/config/config.go:114.2,114.25 1 4
github.com/xrehpicx/wts/internal/config/config.go:118.2,119.56 2 5
github.com/xrehpicx/wts/internal/config/config.go:120.3,121.1 1 1
github.com/xrehpicx/wts/internal/config/config.go:122.2,122.22 1 4
github.com/xrehpicx/wts/internal/config/config.go:126.2,128.40 3 5
github.com/xrehpicx/wts/internal/config/config.go:129.3,130.25 2 6
github.com/xrehpicx/wts/internal/config/config.go:131.4,132.40 2 1
github.com/xrehpicx/wts/internal/config/config.go:133.5,134.1 1 1
github.com/xrehpicx/wts/internal/config/config.go:137.2,138.35 2 5
github.com/xrehpicx/wts/internal/config/config.go:139.3,141.1 2 1
github.com/xrehpicx/wts/internal/config/config.go:142.2,142.14 1 5
github.com/xrehpicx/wts/internal/config/config.go:146.2,148.16 3 2
github.com/xrehpicx/wts/internal/config/config.go:149.3,150.1 1 0
github.com/xrehpicx/wts/internal/config/config.go:151.2,152.15 2 2
github.com/xrehpicx/wts/internal/config/config.go:152.17,152.42 1 2
github.com/xrehpicx/wts/internal/config/config.go:154.2,154.52 1 2
github.com/xrehpicx/wts/internal/config/config.go:155.3,155.56 1 0
github.com/xrehpicx/wts/internal/config/config.go:156.4,158.1 2 0
github.com/xrehpicx/wts/internal/config/config.go:159.9,159.48 1 2
github.com/xrehpicx/wts/internal/config/config.go:160.3,162.1 2 0
github.com/xrehpicx/wts/internal/config/config.go:163.2,163.44 1 2
github.com/xrehpicx/wts/internal/config/config.go:164.3,166.1 2 0
github.com/xrehpicx/wts/internal/config/config.go:167.2,167.36 1 2
github.com/xrehpicx/wts/internal/config/config.go:168.3,170.1 2 0
github.com/xrehpicx/wts/internal/config/config.go:171.2,171.37 1 2
github.com/xrehpicx/wts/internal/config/config.go:172.3,173.1 1 0
github.com/xrehpicx/wts/internal/config/config.go:174.2,174.34 1 2
github.com/xrehpicx/wts/internal/config/config.go:178.2,178.41 1 13
github.com/xrehpicx/wts/internal/config/config.go:179.3,180.1 1 1
github.com/xrehpicx/wts/internal/config/config.go:182.2,182.38 1 12
github.com/xrehpicx/wts/internal/config/config.go:183.3,184.1 1 8
github.com/xrehpicx/wts/internal/config/config.go:185.2,185.74 1 12
github.com/xrehpicx/wts/internal/config/config.go:186.3,187.1 1 0
github.com/xrehpicx/wts/internal/config/config.go:188.2,188.49 1 12
github.com/xrehpicx/wts/internal/config/config.go:189.3,190.1 1 8
github.com/xrehpicx/wts/internal/config/config.go:192.2,192.29 1 12
github.com/xrehpicx/wts/internal/config/config.go:193.3,194.1 1 0
github.com/xrehpicx/wts/internal/config/config.go:196.2,197.31 2 12
github.com/xrehpicx/wts/internal/config/config.go:198.3,199.48 2 15
github.com/xrehpicx/wts/internal/config/config.go:200.4,201.1 1 2
github.com/xrehpicx/wts/internal/config/config.go:202.3,202.43 1 13
github.com/xrehpicx/wts/internal/config/config.go:203.4,204.1 1 0
github.com/xrehpicx/wts/internal/config/config.go:205.3,205.31 1 13
github.com/xrehpicx/wts/internal/config/config.go:208.2,209.28 2 10
github.com/xrehpicx/wts/internal/config/config.go:210.3,211.53 2 5
github.com/xrehpicx/wts/internal/config/config.go:212.4,213.1 1 1
github.com/xrehpicx/wts/internal/config/config.go:214.3,214.44 1 4
github.com/xrehpicx/wts/internal/config/config.go:215.4,216.1 1 1
github.com/xrehpicx/wts/internal/config/config.go:217.3,217.49 1 3
github.com/xrehpicx/wts/internal/config/config.go:218.4,219.1 1 0
github.com/xrehpicx/wts/internal/config/config.go:220.3,220.37 1 3
github.com/xrehpicx/wts/internal/config/config.go:223.2,223.12 1 8
github.com/xrehpicx/wts/internal/config/config.go:227.2,228.21 2 15
github.com/xrehpicx/wts/internal/config/config.go:229.3,230.1 1 0
github.com/xrehpicx/wts/internal/config/config.go:231.2,231.48 1 15
github.com/xrehpicx/wts/internal/config/config.go:232.3,233.1 1 1
github.com/xrehpicx/wts/internal/config/config.go:235.2,236.24 2 14
github.com/xrehpicx/wts/internal/config/config.go:237.3,238.1 1 0
github.com/xrehpicx/wts/internal/config/config.go:240.2,240.21 1 14
github.com/xrehpicx/wts/internal/config/config.go:241.3,242.1 1 11
github.com/xrehpicx/wts/internal/config/config.go:243.2,243.28 1 14
github.com/xrehpicx/wts/internal/config/config.go:244.3,244.47 1 3
github.com/xrehpicx/wts/internal/config/config.go:245.4,246.1 1 1
github.com/xrehpicx/wts/internal/config/config.go:248.2,248.12 1 13
github.com/xrehpicx/wts/internal/config/config.go:252.2,253.22 2 5
github.com/xrehpicx/wts/internal/config/config.go:254.3,255.1 1 0
github.com/xrehpicx/wts/internal/config/config.go:256.2,256.49 1 5
github.com/xrehpicx/wts/internal/config/config.go:257.3,258.1 1 0
github.com/xrehpicx/wts/internal/config/config.go:259.2,259.31 1 5
github.com/xrehpicx/wts/internal/config/config.go:260.3,261.1 1 0
github.com/xrehpicx/wts/internal/config/config.go:263.2,264.33 2 5
github.com/xrehpicx/wts/internal/config/config.go:265.3,266.17 2 9
github.com/xrehpicx/wts/internal/config/config.go:267.4,268.1 1 0
github.com/xrehpicx/wts/internal/config/config.go:269.3,269.36 1 9
github.com/xrehpicx/wts/internal/config/config.go:270.4,271.1 1 1
github.com/xrehpicx/wts/internal/config/config.go:272.3,272.45 1 8
github.com/xrehpicx/wts/internal/config/config.go:273.4,274.1 1 0
github.com/xrehpicx/wts/internal/config/config.go:275.3,276.28 2 8
github.com/xrehpicx/wts/internal/config/config.go:279.2,279.12 1 4
github.com/xrehpicx/wts/internal/cli/picker.go:22.2,28.1 1 0
github.com/xrehpicx/wts/internal/cli/picker.go:32.2,32.21 1 1
github.com/xrehpicx/wts/internal/cli/picker.go:33.3,34.1 1 0
github.com/xrehpicx/wts/internal/cli/picker.go:36.2,36.42 1 1
github.com/xrehpicx/wts/internal/cli/picker.go:37.3,37.49 1 0
github.com/xrehpicx/wts/internal/cli/picker.go:38.4,39.39 2 0
github.com/xrehpicx/wts/internal/cli/picker.go:40.5,41.1 1 0
github.com/xrehpicx/wts/internal/cli/picker.go:45.2,46.29 2 1
github.com/xrehpicx/wts/internal/cli/picker.go:47.3,48.1 1 2
github.com/xrehpicx/wts/internal/cli/picker.go:49.2,50.1 3 1
github.com/xrehpicx/wts/internal/cli/picker.go:51.2,52.16 3 1
github.com/xrehpicx/wts/internal/cli/picker.go:53.3,54.1 1 0
github.com/xrehpicx/wts/internal/cli/picker.go:55.2,57.16 3 1
github.com/xrehpicx/wts/internal/cli/picker.go:58.3,59.1 1 0
github.com/xrehpicx/wts/internal/cli/picker.go:60.2,60.37 1 1
github.com/xrehpicx/wts/internal/cli/picker.go:61.3,62.1 1 0
github.com/xrehpicx/wts/internal/cli/picker.go:63.2,63.28 1 1
github.com/xrehpicx/wts/internal/cli/picker.go:67.2,72.34 6 0
github.com/xrehpicx/wts/internal/cli/picker.go:73.3,74.1 1 0
github.com/xrehpicx/wts/internal/cli/picker.go:75.2,75.48 1 0
github.com/xrehpicx/wts/internal/cli/root.go:47.2,47.19 1 11
github.com/xrehpicx/wts/internal/cli/root.go:48.3,49.1 1 0
github.com/xrehpicx/wts/internal/cli/root.go:50.2,50.29 1 11
github.com/xrehpicx/wts/internal/cli/root.go:54.2,60.38 1 0
github.com/xrehpicx/wts/internal/cli/root.go:61.4,62.1 1 0
github.com/xrehpicx/wts/internal/cli/root.go:65.2,65.23 1 0
github.com/xrehpicx/wts/internal/cli/root.go:69.2,89.55 1 1
github.com/xrehpicx/wts/internal/cli/root.go:90.4,91.1 1 1
github.com/xrehpicx/wts/internal/cli/root.go:93.2,97.1 20 1
github.com/xrehpicx/wts/internal/cli/root.go:98.2,113.1 20 1
github.com/xrehpicx/wts/internal/cli/root.go:114.2,114.13 20 1
github.com/xrehpicx/wts/internal/cli/root.go:118.2,119.1 1 0
github.com/xrehpicx/wts/internal/cli/root.go:122.2,122.21 1 1
github.com/xrehpicx/wts/internal/cli/root.go:123.3,124.1 1 1
github.com/xrehpicx/wts/internal/cli/root.go:125.2,125.59 1 0
github.com/xrehpicx/wts/internal/cli/root.go:126.3,129.17 4 0
github.com/xrehpicx/wts/internal/cli/root.go:130.4,131.1 1 0
github.com/xrehpicx/wts/internal/cli/root.go:132.3,132.43 1 0
github.com/xrehpicx/wts/internal/cli/root.go:133.4,133.28 1 0
github.com/xrehpicx/wts/internal/cli/root.go:134.5,135.1 1 0
github.com/xrehpicx/wts/internal/cli/root.go:136.4,136.25 1 0
github.com/xrehpicx/wts/internal/cli/root.go:137.5,138.1 1 0
github.com/xrehpicx/wts/internal/cli/root.go:140.3,140.13 1 0
github.com/xrehpicx/wts/internal/cli/root.go:145.2,146.16 2 0
github.com/xrehpicx/wts/internal/cli/root.go:147.3,148.1 1 0
github.com/xrehpicx/wts/internal/cli/root.go:149.2,149.20 1 0
github.com/xrehpicx/wts/internal/cli/root.go:153.2,153.58 1 0
github.com/xrehpicx/wts/internal/cli/root.go:154.3,155.17 2 0
github.com/xrehpicx/wts/internal/cli/root.go:156.4,157.1 1 0
github.com/xrehpicx/wts/internal/cli/root.go:158.3,159.17 2 0
github.com/xrehpicx/wts/internal/cli/root.go:160.4,161.1 1 0
github.com/xrehpicx/wts/internal/cli/root.go:162.3,169.1 2 0
github.com/xrehpicx/wts/internal/cli/root.go:170.3,170.16 2 0
github.com/xrehpicx/wts/internal/cli/root.go:175.2,184.55 1 1
github.com/xrehpicx/wts/internal/cli/root.go:185.4,185.54 1 0
github.com/xrehpicx/wts/internal/cli/root.go:186.5,188.1 2 0
github.com/xrehpicx/wts/internal/cli/root.go:194.2,203.55 1 1
github.com/xrehpicx/wts/internal/cli/root.go:204.4,204.54 1 0
github.com/xrehpicx/wts/internal/cli/root.go:205.5,207.38 3 0
github.com/xrehpicx/wts/internal/cli/root.go:208.6,209.1 1 0
github.com/xrehpicx/wts/internal/cli/root.go:210.5,210.36 1 0
github.com/xrehpicx/wts/internal/cli/root.go:211.6,212.1 1 0
github.com/xrehpicx/wts/internal/cli/root.go:213.5,213.22 1 0
github.com/xrehpicx/wts/internal/cli/root.go:220.2,229.55 1 1
github.com/xrehpicx/wts/internal/cli/root.go:230.4,230.71 1 0
github.com/xrehpicx/wts/internal/cli/root.go:231.5,233.51 3 0
github.com/xrehpicx/wts/internal/cli/root.go:234.6,235.1 1 0
github.com/xrehpicx/wts/internal/cli/root.go:236.5,236.22 1 0
github.com/xrehpicx/wts/internal/cli/root.go:243.2,244.1 1 1
github.com/xrehpicx/wts/internal/cli/root.go:247.2,248.1 1 1
github.com/xrehpicx/wts/internal/cli/root.go:251.2,252.1 1 1
github.com/xrehpicx/wts/internal/cli/root.go:255.2,279.55 2 3
github.com/xrehpicx/wts/internal/cli/root.go:280.4,281.18 2 0
github.com/xrehpicx/wts/internal/cli/root.go:282.5,283.1 1 0
github.com/xrehpicx/wts/internal/cli/root.go:284.4,284.71 1 0
github.com/xrehpicx/wts/internal/cli/root.go:285.5,285.72 1 0
github.com/xrehpicx/wts/internal/cli/root.go:286.6,287.1 1 0
github.com/xrehpicx/wts/internal/cli/root.go:288.5,289.17 2 0
github.com/xrehpicx/wts/internal/cli/root.go:291.6,291.93 1 0
github.com/xrehpicx/wts/internal/cli/root.go:293.6,293.94 1 0
github.com/xrehpicx/wts/internal/cli/root.go:295.6,295.95 1 0
github.com/xrehpicx/wts/internal/cli/root.go:297.5,297.15 1 0
github.com/xrehpicx/wts/internal/cli/root.go:301.2,304.12 4 3
github.com/xrehpicx/wts/internal/cli/root.go:308.2,324.55 2 1
github.com/xrehpicx/wts/internal/cli/root.go:325.4,326.18 2 0
github.com/xrehpicx/wts/internal/cli/root.go:327.5,328.1 1 0
github.com/xrehpicx/wts/internal/cli/root.go:329.4,329.51 1 0
github.com/xrehpicx/wts/internal/cli/root.go:332.2,335.12 4 1
github.com/xrehpicx/wts/internal/cli/root.go:339.2,355.55 2 1
github.com/xrehpicx/wts/internal/cli/root.go:356.4,357.18 2 0
github.com/xrehpicx/wts/internal/cli/root.go:358.5,359.1 1 0
github.com/xrehpicx/wts/internal/cli/root.go:360.4,360.52 1 0
github.com/xrehpicx/wts/internal/cli/root.go:363.2,366.12 4 1
github.com/xrehpicx/wts/internal/cli/root.go:370.2,370.59 1 0
github.com/xrehpicx/wts/internal/cli/root.go:371.3,372.22 2 0
github.com/xrehpicx/wts/internal/cli/root.go:373.4,374.1 1 0
github.com/xrehpicx/wts/internal/cli/root.go:376.3,377.17 2 0
github.com/xrehpicx/wts/internal/cli/root.go:378.4,379.1 1 0
github.com/xrehpicx/wts/internal/cli/root.go:380.3,381.28 2 0
github.com/xrehpicx/wts/internal/cli/root.go:382.4,382.18 1 0
github.com/xrehpicx/wts/internal/cli/root.go:383.5,384.10 2 0
github.com/xrehpicx/wts/internal/cli/root.go:387.3,388.71 2 0
github.com/xrehpicx/wts/internal/cli/root.go:389.4,390.1 1 0
github.com/xrehpicx/wts/internal/cli/root.go:391.3,392.13 2 0
github.com/xrehpicx/wts/internal/cli/root.go:397.2,397.21 1 2
github.com/xrehpicx/wts/internal/cli/root.go:398.3,399.1 1 0
github.com/xrehpicx/wts/internal/cli/root.go:400.2,401.21 2 2
github.com/xrehpicx/wts/internal/cli/root.go:402.3,402.24 1 0
github.com/xrehpicx/wts/internal/cli/root.go:403.4,403.65 1 0
github.com/xrehpicx/wts/internal/cli/root.go:404.5,405.10 2 0
github.com/xrehpicx/wts/internal/cli/root.go:409.2,409.21 1 2
github.com/xrehpicx/wts/internal/cli/root.go:410.3,410.16 1 2
github.com/xrehpicx/wts/internal/cli/root.go:411.4,412.1 1 1
github.com/xrehpicx/wts/internal/cli/root.go:413.3,413.11 1 1
github.com/xrehpicx/wts/internal/cli/root.go:415.2,415.54 1 0
github.com/xrehpicx/wts/internal/cli/root.go:419.2,444.55 2 1
github.com/xrehpicx/wts/internal/cli/root.go:445.4,447.76 3 0
github.com/xrehpicx/wts/internal/cli/root.go:448.5,449.1 1 0
github.com/xrehpicx/wts/internal/cli/root.go:450.4,450.71 1 0
github.com/xrehpicx/wts/internal/cli/root.go:451.5,451.12 1 0
github.com/xrehpicx/wts/internal/cli/root.go:453.6,453.62 1 0
github.com/xrehpicx/wts/internal/cli/root.go:454.7,455.1 1 0
github.com/xrehpicx/wts/internal/cli/root.go:456.6,456.61 1 0
github.com/xrehpicx/wts/internal/cli/root.go:458.6,458.84 1 0
github.com/xrehpicx/wts/internal/cli/root.go:459.7,460.1 1 0
github.com/xrehpicx/wts/internal/cli/root.go:461.6,461.83 1 0
github.com/xrehpicx/wts/internal/cli/root.go:463.6,463.81 1 0
github.com/xrehpicx/wts/internal/cli/root.go:464.7,465.1 1 0
github.com/xrehpicx/wts/internal/cli/root.go:466.6,466.72 1 0
github.com/xrehpicx/wts/internal/cli/root.go:468.6,468.76 1 0
github.com/xrehpicx/wts/internal/cli/root.go:469.7,470.1 1 0
github.com/xrehpicx/wts/internal/cli/root.go:471.6,471.60 1 0
github.com/xrehpicx/wts/internal/cli/root.go:473.6,473.65 1 0
github.com/xrehpicx/wts/internal/cli/root.go:474.7,475.1 1 0
github.com/xrehpicx/wts/internal/cli/root.go:476.6,476.63 1 0
github.com/xrehpicx/wts/internal/cli/root.go:478.5,478.15 1 0
github.com/xrehpicx/wts/internal/cli/root.go:482.2,485.12 4 1
github.com/xrehpicx/wts/internal/cli/root.go:489.2,489.34 1 2
github.com/xrehpicx/wts/internal/cli/root.go:490.3,491.1 1 0
github.com/xrehpicx/wts/internal/cli/root.go:492.2,492.26 1 2
github.com/xrehpicx/wts/internal/cli/root.go:493.3,494.1 1 0
github.com/xrehpicx/wts/internal/cli/root.go:495.2,495.43 1 2
github.com/xrehpicx/wts/internal/cli/root.go:496.3,497.1 1 0
github.com/xrehpicx/wts/internal/cli/root.go:498.2,498.54 1 2
github.com/xrehpicx/wts/internal/cli/root.go:499.3,500.1 1 2
github.com/xrehpicx/wts/internal/cli/root.go:501.2,501.12 1 0
github.com/xrehpicx/wts/internal/cli/root.go:505.2,516.55 2 1
github.com/xrehpicx/wts/internal/cli/root.go:517.4,518.22 2 0
github.com/xrehpicx/wts/internal/cli/root.go:519.5,520.1 1 0
github.com/xrehpicx/wts/internal/cli/root.go:521.4,521.71 1 0
github.com/xrehpicx/wts/internal/cli/root.go:522.5,522.16 1 0
github.com/xrehpicx/wts/internal/cli/root.go:523.6,524.20 2 0
github.com/xrehpicx/wts/internal/cli/root.go:525.7,526.1 1 0
github.com/xrehpicx/wts/internal/cli/root.go:527.6,528.16 2 0
github.com/xrehpicx/wts/internal/cli/root.go:530.5,531.19 2 0
github.com/xrehpicx/wts/internal/cli/root.go:532.6,533.1 1 0
github.com/xrehpicx/wts/internal/cli/root.go:534.5,536.30 3 0
github.com/xrehpicx/wts/internal/cli/root.go:537.6,538.20 2 0
github.com/xrehpicx/wts/internal/cli/root.go:539.7,540.1 1 0
github.com/xrehpicx/wts/internal/cli/root.go:541.7,542.1 1 0
github.com/xrehpicx/wts/internal/cli/root.go:543.6,543.32 1 0
github.com/xrehpicx/wts/internal/cli/root.go:544.7,544.40 1 0
github.com/xrehpicx/wts/internal/cli/root.go:545.8,546.33 2 0
github.com/xrehpicx/wts/internal/cli/root.go:547.9,548.1 1 0
github.com/xrehpicx/wts/internal/cli/root.go:548.15,548.28 1 0
github.com/xrehpicx/wts/internal/cli/root.go:549.9,550.1 1 0
github.com/xrehpicx/wts/internal/cli/root.go:551.9,552.1 1 0
github.com/xrehpicx/wts/internal/cli/root.go:553.8,557.18 5 0
github.com/xrehpicx/wts/internal/cli/root.go:558.9,562.1 4 0
github.com/xrehpicx/wts/internal/cli/root.go:563.8,564.48 1 0
github.com/xrehpicx/wts/internal/cli/root.go:567.7,568.22 2 0
github.com/xrehpicx/wts/internal/cli/root.go:569.8,570.1 1 0
github.com/xrehpicx/wts/internal/cli/root.go:571.8,572.1 1 0
github.com/xrehpicx/wts/internal/cli/root.go:573.7,574.71 1 0
github.com/xrehpicx/wts/internal/cli/root.go:577.5,577.22 1 0
github.com/xrehpicx/wts/internal/cli/root.go:581.2,582.12 2 1
github.com/xrehpicx/wts/internal/cli/root.go:586.2,600.55 2 1
github.com/xrehpicx/wts/internal/cli/root.go:601.4,601.18 1 0
github.com/xrehpicx/wts/internal/cli/root.go:602.5,603.1 1 0
github.com/xrehpicx/wts/internal/cli/root.go:604.4,604.71 1 0
github.com/xrehpicx/wts/internal/cli/root.go:605.5,606.19 2 0
github.com/xrehpicx/wts/internal/cli/root.go:607.6,608.1 1 0
github.com/xrehpicx/wts/internal/cli/root.go:609.5,610.15 2 0
github.com/xrehpicx/wts/internal/cli/root.go:614.2,616.12 3 1
github.com/xrehpicx/wts/internal/cli/root.go:620.2,636.55 2 1
github.com/xrehpicx/wts/internal/cli/root.go:637.4,638.18 2 0
github.com/xrehpicx/wts/internal/cli/root.go:639.5,640.1 1 0
github.com/xrehpicx/wts/internal/cli/root.go:641.4,641.71 1 0
github.com/xrehpicx/wts/internal/cli/root.go:642.5,643.24 2 0
github.com/xrehpicx/wts/internal/cli/root.go:644.6,645.1 1 0
github.com/xrehpicx/wts/internal/cli/root.go:646.5,648.30 3 0
github.com/xrehpicx/wts/internal/cli/root.go:649.6,652.1 3 0
github.com/xrehpicx/wts/internal/cli/root.go:653.5,654.1 4 0
github.com/xrehpicx/wts/internal/cli/root.go:655.5,657.19 4 0
github.com/xrehpicx/wts/internal/cli/root.go:658.6,659.1 1 0
github.com/xrehpicx/wts/internal/cli/root.go:660.5,660.72 1 0
github.com/xrehpicx/wts/internal/cli/root.go:664.2,667.12 4 1
github.com/xrehpicx/wts/internal/cli/root.go:671.2,699.55 1 1
github.com/xrehpicx/wts/internal/cli/root.go:700.4,701.1 1 0
github.com/xrehpicx/wts/internal/cli/root.go:706.2,706.34 1 1
github.com/xrehpicx/wts/internal/cli/root.go:707.3,708.1 1 1
github.com/xrehpicx/wts/internal/cli/root.go:709.2,713.8 1 0
github.com/xrehpicx/wts/internal/cli/root.go:717.2,721.55 1 1
github.com/xrehpicx/wts/internal/cli/root.go:722.4,722.22 1 0
github.com/xrehpicx/wts/internal/cli/root.go:723.5,724.1 1 0
github.com/xrehpicx/wts/internal/cli/root.go:725.5,726.1 1 0
github.com/xrehpicx/wts/internal/cli/root.go:727.4,727.14 1 0
github.com/xrehpicx/wts/internal/cli/root.go:733.2,734.39 2 0
github.com/xrehpicx/wts/internal/cli/root.go:735.3,736.1 1 0
github.com/xrehpicx/wts/internal/cli/root.go:737.2,738.16 2 0
github.com/xrehpicx/wts/internal/cli/root.go:739.3,740.16 2 0
github.com/xrehpicx/wts/internal/cli/root.go:741.4,742.1 1 0
github.com/xrehpicx/wts/internal/cli/root.go:743.3,743.58 1 0
github.com/xrehpicx/wts/internal/cli/root.go:745.2,746.16 2 0
github.com/xrehpicx/wts/internal/cli/root.go:747.3,748.1 1 0
github.com/xrehpicx/wts/internal/cli/root.go:749.2,750.16 2 0
github.com/xrehpicx/wts/internal/cli/root.go:751.3,752.1 1 0
github.com/xrehpicx/wts/internal/cli/root.go:753.2,753.17 1 0
github.com/xrehpicx/wts/internal/cli/root.go:757.2,786.55 2 1
github.com/xrehpicx/wts/internal/cli/root.go:787.4,788.23 2 0
github.com/xrehpicx/wts/internal/cli/root.go:789.5,790.19 2 0
github.com/xrehpicx/wts/internal/cli/root.go:791.6,792.1 1 0
github.com/xrehpicx/wts/internal/cli/root.go:793.5,793.20 1 0
github.com/xrehpicx/wts/internal/cli/root.go:795.4,796.18 2 0
github.com/xrehpicx/wts/internal/cli/root.go:797.5,798.1 1 0
github.com/xrehpicx/wts/internal/cli/root.go:799.4,800.1 3 0
github.com/xrehpicx/wts/internal/cli/root.go:801.4,802.25 3 0
github.com/xrehpicx/wts/internal/cli/root.go:803.5,803.47 1 0
github.com/xrehpicx/wts/internal/cli/root.go:804.6,805.1 1 0
github.com/xrehpicx/wts/internal/cli/root.go:805.12,805.35 1 0
github.com/xrehpicx/wts/internal/cli/root.go:806.6,807.1 1 0
github.com/xrehpicx/wts/internal/cli/root.go:810.4,812.18 3 0
github.com/xrehpicx/wts/internal/cli/root.go:813.5,814.1 1 0
github.com/xrehpicx/wts/internal/cli/root.go:816.4,818.21 3 0
github.com/xrehpicx/wts/internal/cli/root.go:819.5,820.40 2 0
github.com/xrehpicx/wts/internal/cli/root.go:821.6,825.1 1 0
github.com/xrehpicx/wts/internal/cli/root.go:827.4,827.23 1 0
github.com/xrehpicx/wts/internal/cli/root.go:828.5,832.1 1 0
github.com/xrehpicx/wts/internal/cli/root.go:834.4,841.1 3 0
github.com/xrehpicx/wts/internal/cli/root.go:843.4,844.18 3 0
github.com/xrehpicx/wts/internal/cli/root.go:845.5,846.1 1 0
github.com/xrehpicx/wts/internal/cli/root.go:848.4,848.21 1 0
github.com/xrehpicx/wts/internal/cli/root.go:849.5,850.1 1 0
github.com/xrehpicx/wts/internal/cli/root.go:851.5,852.1 1 0
github.com/xrehpicx/wts/internal/cli/root.go:854.4,854.14 1 0
github.com/xrehpicx/wts/internal/cli/root.go:855.5,857.1 2 0
github.com/xrehpicx/wts/internal/cli/root.go:859.4,859.55 1 0
github.com/xrehpicx/wts/internal/cli/root.go:860.5,861.1 1 0
github.com/xrehpicx/wts/internal/cli/root.go:862.4,863.1 4 0
github.com/xrehpicx/wts/internal/cli/root.go:864.4,866.28 4 0
github.com/xrehpicx/wts/internal/cli/root.go:867.5,868.1 1 0
github.com/xrehpicx/wts/internal/cli/root.go:869.4,869.21 1 0
github.com/xrehpicx/wts/internal/cli/root.go:872.2,875.12 4 1
github.com/xrehpicx/wts/internal/cli/root.go:879.2,879.21 1 0
github.com/xrehpicx/wts/internal/cli/root.go:880.3,881.1 1 0
github.com/xrehpicx/wts/internal/cli/root.go:882.2,882.65 1 0
github.com/xrehpicx/wts/internal/cli/tui.go:122.2,136.1 1 5
github.com/xrehpicx/wts/internal/cli/tui.go:140.2,141.1 1 3
github.com/xrehpicx/wts/internal/cli/tui.go:144.2,147.1 1 0
github.com/xrehpicx/wts/internal/cli/tui.go:151.2,152.45 2 11
github.com/xrehpicx/wts/internal/cli/tui.go:153.3,154.1 1 275
github.com/xrehpicx/wts/internal/cli/tui.go:155.2,212.1 1 11
github.com/xrehpicx/wts/internal/cli/tui.go:216.2,224.1 6 5
github.com/xrehpicx/wts/internal/cli/tui.go:227.2,233.1 14 5
github.com/xrehpicx/wts/internal/cli/tui.go:235.2,238.1 14 5
github.com/xrehpicx/wts/internal/cli/tui.go:239.2,242.1 14 5
github.com/xrehpicx/wts/internal/cli/tui.go:243.2,253.1 14 5
github.com/xrehpicx/wts/internal/cli/tui.go:254.2,255.1 14 5
github.com/xrehpicx/wts/internal/cli/tui.go:256.2,257.67 14 5
github.com/xrehpicx/wts/internal/cli/tui.go:258.3,260.34 3 0
github.com/xrehpicx/wts/internal/cli/tui.go:261.4,261.41 1 0
github.com/xrehpicx/wts/internal/cli/tui.go:262.5,263.1 1 0
github.com/xrehpicx/wts/internal/cli/tui.go:265.3,265.24 1 0
github.com/xrehpicx/wts/internal/cli/tui.go:267.3,268.1 1 5
github.com/xrehpicx/wts/internal/cli/tui.go:270.2,271.21 2 5
github.com/xrehpicx/wts/internal/cli/tui.go:272.3,272.25 1 4
github.com/xrehpicx/wts/internal/cli/tui.go:273.4,273.24 1 16
github.com/xrehpicx/wts/internal/cli/tui.go:274.5,275.70 2 0
github.com/xrehpicx/wts/internal/cli/tui.go:276.6,277.1 1 0
github.com/xrehpicx/wts/internal/cli/tui.go:278.5,278.10 1 0
github.com/xrehpicx/wts/internal/cli/tui.go:282.2,282.10 1 5
github.com/xrehpicx/wts/internal/cli/tui.go:286.2,287.1 1 0
github.com/xrehpicx/wts/internal/cli/tui.go:290.2,290.27 1 1
github.com/xrehpicx/wts/internal/cli/tui.go:292.3,292.35 1 0
github.com/xrehpicx/wts/internal/cli/tui.go:294.3,295.24 2 0
github.com/xrehpicx/wts/internal/cli/tui.go:297.3,297.16 1 0
github.com/xrehpicx/wts/internal/cli/tui.go:298.4,301.1 3 0
github.com/xrehpicx/wts/internal/cli/tui.go:303.3,308.62 6 0
github.com/xrehpicx/wts/internal/cli/tui.go:310.3,314.24 5 0
github.com/xrehpicx/wts/internal/cli/tui.go:316.3,321.21 6 0
github.com/xrehpicx/wts/internal/cli/tui.go:323.3,335.62 13 0
github.com/xrehpicx/wts/internal/cli/tui.go:337.3,337.21 1 0
github.com/xrehpicx/wts/internal/cli/tui.go:338.4,341.1 3 0
github.com/xrehpicx/wts/internal/cli/tui.go:342.3,343.37 2 0
github.com/xrehpicx/wts/internal/cli/tui.go:344.4,345.1 1 0
github.com/xrehpicx/wts/internal/cli/tui.go:346.3,346.27 1 0
github.com/xrehpicx/wts/internal/cli/tui.go:347.4,349.1 2 0
github.com/xrehpicx/wts/internal/cli/tui.go:350.3,351.25 2 0
github.com/xrehpicx/wts/internal/cli/tui.go:352.4,354.1 2 0
github.com/xrehpicx/wts/internal/cli/tui.go:355.3,355.27 1 0
github.com/xrehpicx/wts/internal/cli/tui.go:356.4,356.37 1 0
github.com/xrehpicx/wts/internal/cli/tui.go:357.5,359.1 2 0
github.com/xrehpicx/wts/internal/cli/tui.go:361.3,361.29 1 0
github.com/xrehpicx/wts/internal/cli/tui.go:362.4,363.1 1 0
github.com/xrehpicx/wts/internal/cli/tui.go:365.3,366.39 2 0
github.com/xrehpicx/wts/internal/cli/tui.go:367.4,369.1 2 0
github.com/xrehpicx/wts/internal/cli/tui.go:371.3,371.86 1 0
github.com/xrehpicx/wts/internal/cli/tui.go:373.3,373.24 1 1
github.com/xrehpicx/wts/internal/cli/tui.go:374.4,375.1 1 0
github.com/xrehpicx/wts/internal/cli/tui.go:376.3,376.19 1 1
github.com/xrehpicx/wts/internal/cli/tui.go:377.4,378.1 1 0
github.com/xrehpicx/wts/internal/cli/tui.go:379.3,379.16 1 1
github.com/xrehpicx/wts/internal/cli/tui.go:380.4,380.37 1 0
github.com/xrehpicx/wts/internal/cli/tui.go:381.5,383.1 2 0
github.com/xrehpicx/wts/internal/cli/tui.go:384.4,384.17 1 0
github.com/xrehpicx/wts/internal/cli/tui.go:386.3,386.10 1 1
github.com/xrehpicx/wts/internal/cli/tui.go:388.4,389.22 2 0
github.com/xrehpicx/wts/internal/cli/tui.go:391.4,392.30 2 0
github.com/xrehpicx/wts/internal/cli/tui.go:394.4,395.30 2 0
github.com/xrehpicx/wts/internal/cli/tui.go:397.4,398.30 2 0
github.com/xrehpicx/wts/internal/cli/tui.go:400.4,400.34 1 0
github.com/xrehpicx/wts/internal/cli/tui.go:402.4,402.35 1 0
github.com/xrehpicx/wts/internal/cli/tui.go:404.4,404.35 1 0
github.com/xrehpicx/wts/internal/cli/tui.go:406.4,406.32 1 0
github.com/xrehpicx/wts/internal/cli/tui.go:408.4,408.34 1 1
github.com/xrehpicx/wts/internal/cli/tui.go:410.4,410.20 1 0
github.com/xrehpicx/wts/internal/cli/tui.go:412.4,412.21 1 0
github.com/xrehpicx/wts/internal/cli/tui.go:414.4,414.33 1 0
github.com/xrehpicx/wts/internal/cli/tui.go:416.4,416.38 1 0
github.com/xrehpicx/wts/internal/cli/tui.go:420.2,420.18 1 0
github.com/xrehpicx/wts/internal/cli/tui.go:421.3,424.1 3 0
github.com/xrehpicx/wts/internal/cli/tui.go:426.2,426.15 1 0
github.com/xrehpicx/wts/internal/cli/tui.go:432.2,432.22 1 0
github.com/xrehpicx/wts/internal/cli/tui.go:433.3,434.1 1 0
github.com/xrehpicx/wts/internal/cli/tui.go:435.2,436.18 2 0
github.com/xrehpicx/wts/internal/cli/tui.go:440.2,440.22 1 0
github.com/xrehpicx/wts/internal/cli/tui.go:441.3,442.1 1 0
github.com/xrehpicx/wts/internal/cli/tui.go:443.2,444.18 2 0
github.com/xrehpicx/wts/internal/cli/tui.go:448.2,448.59 1 11
github.com/xrehpicx/wts/internal/cli/tui.go:449.3,450.1 1 5
github.com/xrehpicx/wts/internal/cli/tui.go:451.2,451.23 1 6
github.com/xrehpicx/wts/internal/cli/tui.go:455.2,455.24 1 3
github.com/xrehpicx/wts/internal/cli/tui.go:456.3,456.23 1 6
github.com/xrehpicx/wts/internal/cli/tui.go:457.4,458.1 1 0
github.com/xrehpicx/wts/internal/cli/tui.go:460.2,460.12 1 3
github.com/xrehpicx/wts/internal/cli/tui.go:464.2,464.77 1 10
github.com/xrehpicx/wts/internal/cli/tui.go:465.3,466.1 1 1
github.com/xrehpicx/wts/internal/cli/tui.go:467.2,467.37 1 9
github.com/xrehpicx/wts/internal/cli/tui.go:471.2,471.37 1 5
github.com/xrehpicx/wts/internal/cli/tui.go:472.3,473.1 1 0
github.com/xrehpicx/wts/internal/cli/tui.go:474.2,475.43 2 5
github.com/xrehpicx/wts/internal/cli/tui.go:476.3,477.1 1 4
github.com/xrehpicx/wts/internal/cli/tui.go:478.2,478.23 1 5
github.com/xrehpicx/wts/internal/cli/tui.go:479.3,480.1 1 1
github.com/xrehpicx/wts/internal/cli/tui.go:481.2,482.40 2 5
github.com/xrehpicx/wts/internal/cli/tui.go:483.3,483.52 1 3
github.com/xrehpicx/wts/internal/cli/tui.go:484.4,484.12 1 1
github.com/xrehpicx/wts/internal/cli/tui.go:486.3,487.22 2 2
github.com/xrehpicx/wts/internal/cli/tui.go:488.4,489.1 1 2
github.com/xrehpicx/wts/internal/cli/tui.go:491.2,491.38 1 5
github.com/xrehpicx/wts/internal/cli/tui.go:495.2,495.27 1 1
github.com/xrehpicx/wts/internal/cli/tui.go:496.3,496.39 1 2
github.com/xrehpicx/wts/internal/cli/tui.go:497.4,499.1 2 1
github.com/xrehpicx/wts/internal/cli/tui.go:504.2,504.25 1 0
github.com/xrehpicx/wts/internal/cli/tui.go:505.3,508.1 3 0
github.com/xrehpicx/wts/internal/cli/tui.go:509.2,509.21 1 0
github.com/xrehpicx/wts/internal/cli/tui.go:510.3,511.1 1 0
github.com/xrehpicx/wts/internal/cli/tui.go:512.3,513.1 1 0
github.com/xrehpicx/wts/internal/cli/tui.go:514.2,516.24 3 0
github.com/xrehpicx/wts/internal/cli/tui.go:520.2,520.52 1 1
github.com/xrehpicx/wts/internal/cli/tui.go:521.3,522.1 1 0
github.com/xrehpicx/wts/internal/cli/tui.go:529.2,532.1 6 1
github.com/xrehpicx/wts/internal/cli/tui.go:533.2,535.1 6 1
github.com/xrehpicx/wts/internal/cli/tui.go:538.2,540.43 6 1
github.com/xrehpicx/wts/internal/cli/tui.go:541.3,541.32 1 2
github.com/xrehpicx/wts/internal/cli/tui.go:542.4,543.1 1 2
github.com/xrehpicx/wts/internal/cli/tui.go:545.2,545.25 1 1
github.com/xrehpicx/wts/internal/cli/tui.go:546.3,547.1 1 0
github.com/xrehpicx/wts/internal/cli/tui.go:549.2,550.33 2 1
github.com/xrehpicx/wts/internal/cli/tui.go:551.3,554.34 4 2
github.com/xrehpicx/wts/internal/cli/tui.go:555.4,556.1 1 4
github.com/xrehpicx/wts/internal/cli/tui.go:560.2,560.28 1 1
github.com/xrehpicx/wts/internal/cli/tui.go:561.3,562.1 1 0
github.com/xrehpicx/wts/internal/cli/tui.go:565.2,566.43 2 1
github.com/xrehpicx/wts/internal/cli/tui.go:567.3,568.1 1 2
github.com/xrehpicx/wts/internal/cli/tui.go:570.2,571.28 2 1
github.com/xrehpicx/wts/internal/cli/tui.go:572.3,576.1 4 4
github.com/xrehpicx/wts/internal/cli/tui.go:577.2,577.14 1 1
github.com/xrehpicx/wts/internal/cli/tui.go:581.2,582.1 1 2
github.com/xrehpicx/wts/internal/cli/tui.go:585.2,585.38 1 11
github.com/xrehpicx/wts/internal/cli/tui.go:586.3,587.1 1 2
github.com/xrehpicx/wts/internal/cli/tui.go:588.2,588.20 1 9
github.com/xrehpicx/wts/internal/cli/tui.go:592.2,593.38 2 1
github.com/xrehpicx/wts/internal/cli/tui.go:594.3,596.1 2 0
github.com/xrehpicx/wts/internal/cli/tui.go:597.2,598.13 2 1
github.com/xrehpicx/wts/internal/cli/tui.go:604.2,609.1 6 1
github.com/xrehpicx/wts/internal/cli/tui.go:610.2,610.42 6 1
github.com/xrehpicx/wts/internal/cli/tui.go:611.3,611.44 1 1
github.com/xrehpicx/wts/internal/cli/tui.go:612.4,613.1 1 1
github.com/xrehpicx/wts/internal/cli/tui.go:616.2,618.35 3 1
github.com/xrehpicx/wts/internal/cli/tui.go:622.2,622.18 1 0
github.com/xrehpicx/wts/internal/cli/tui.go:624.3,627.16 4 0
github.com/xrehpicx/wts/internal/cli/tui.go:629.3,629.49 1 0
github.com/xrehpicx/wts/internal/cli/tui.go:630.4,633.1 3 0
github.com/xrehpicx/wts/internal/cli/tui.go:634.3,635.39 2 0
github.com/xrehpicx/wts/internal/cli/tui.go:637.3,637.35 1 0
github.com/xrehpicx/wts/internal/cli/tui.go:640.2,640.51 1 0
github.com/xrehpicx/wts/internal/cli/tui.go:641.3,641.19 1 0
github.com/xrehpicx/wts/internal/cli/tui.go:643.4,643.39 1 0
github.com/xrehpicx/wts/internal/cli/tui.go:644.5,645.1 1 0
github.com/xrehpicx/wts/internal/cli/tui.go:646.4,646.17 1 0
github.com/xrehpicx/wts/internal/cli/tui.go:648.4,648.39 1 0
github.com/xrehpicx/wts/internal/cli/tui.go:649.5,650.1 1 0
github.com/xrehpicx/wts/internal/cli/tui.go:651.4,651.17 1 0
github.com/xrehpicx/wts/internal/cli/tui.go:653.4,654.30 2 0
github.com/xrehpicx/wts/internal/cli/tui.go:655.5,656.1 1 0
github.com/xrehpicx/wts/internal/cli/tui.go:657.4,658.35 2 0
github.com/xrehpicx/wts/internal/cli/tui.go:659.5,660.1 1 0
github.com/xrehpicx/wts/internal/cli/tui.go:661.5,662.1 1 0
github.com/xrehpicx/wts/internal/cli/tui.go:663.4,663.17 1 0
github.com/xrehpicx/wts/internal/cli/tui.go:665.3,665.16 1 0
github.com/xrehpicx/wts/internal/cli/tui.go:668.2,670.15 3 0
github.com/xrehpicx/wts/internal/cli/tui.go:674.2,675.51 2 1
github.com/xrehpicx/wts/internal/cli/tui.go:676.3,676.34 1 3
github.com/xrehpicx/wts/internal/cli/tui.go:677.4,678.1 1 2
github.com/xrehpicx/wts/internal/cli/tui.go:680.2,680.16 1 1
github.com/xrehpicx/wts/internal/cli/tui.go:684.2,686.16 3 0
github.com/xrehpicx/wts/internal/cli/tui.go:687.3,690.1 3 0
github.com/xrehpicx/wts/internal/cli/tui.go:691.2,691.23 1 0
github.com/xrehpicx/wts/internal/cli/tui.go:692.3,695.1 3 0
github.com/xrehpicx/wts/internal/cli/tui.go:697.2,702.1 5 0
github.com/xrehpicx/wts/internal/cli/tui.go:703.2,705.1 5 0
github.com/xrehpicx/wts/internal/cli/tui.go:706.2,706.24 5 0
github.com/xrehpicx/wts/internal/cli/tui.go:707.3,708.17 2 0
github.com/xrehpicx/wts/internal/cli/tui.go:709.4,710.1 1 0
github.com/xrehpicx/wts/internal/cli/tui.go:711.3,712.17 2 0
github.com/xrehpicx/wts/internal/cli/tui.go:713.4,714.1 1 0
github.com/xrehpicx/wts/internal/cli/tui.go:715.3,715.59 1 0
github.com/xrehpicx/wts/internal/cli/tui.go:722.2,726.1 4 0
github.com/xrehpicx/wts/internal/cli/tui.go:729.2,729.18 1 0
github.com/xrehpicx/wts/internal/cli/tui.go:731.3,734.9 4 0
github.com/xrehpicx/wts/internal/cli/tui.go:735.4,736.1 1 0
github.com/xrehpicx/wts/internal/cli/tui.go:737.4,738.1 1 0
github.com/xrehpicx/wts/internal/cli/tui.go:739.3,740.16 2 0
github.com/xrehpicx/wts/internal/cli/tui.go:742.3,745.16 4 0
github.com/xrehpicx/wts/internal/cli/tui.go:748.2,751.15 4 0
github.com/xrehpicx/wts/internal/cli/tui.go:755.2,755.17 1 1
github.com/xrehpicx/wts/internal/cli/tui.go:756.3,758.1 2 0
github.com/xrehpicx/wts/internal/cli/tui.go:759.2,761.35 3 1
github.com/xrehpicx/wts/internal/cli/tui.go:762.3,762.70 1 3
github.com/xrehpicx/wts/internal/cli/tui.go:763.4,765.1 2 0
github.com/xrehpicx/wts/internal/cli/tui.go:770.2,770.17 1 0
github.com/xrehpicx/wts/internal/cli/tui.go:771.3,772.1 1 0
github.com/xrehpicx/wts/internal/cli/tui.go:773.2,775.35 3 0
github.com/xrehpicx/wts/internal/cli/tui.go:776.3,776.70 1 0
github.com/xrehpicx/wts/internal/cli/tui.go:777.4,778.1 1 0
github.com/xrehpicx/wts/internal/cli/tui.go:780.2,780.14 1 0
github.com/xrehpicx/wts/internal/cli/tui_actions.go:19.2,20.16 2 0
github.com/xrehpicx/wts/internal/cli/tui_actions.go:21.3,22.1 1 0
github.com/xrehpicx/wts/internal/cli/tui_actions.go:23.2,24.9 2 0
github.com/xrehpicx/wts/internal/cli/tui_actions.go:25.3,28.1 3 0
github.com/xrehpicx/wts/internal/cli/tui_actions.go:29.2,32.1 5 0
github.com/xrehpicx/wts/internal/cli/tui_actions.go:35.2,36.17 5 0
github.com/xrehpicx/wts/internal/cli/tui_actions.go:37.3,38.1 1 0
github.com/xrehpicx/wts/internal/cli/tui_actions.go:39.3,40.1 1 0
github.com/xrehpicx/wts/internal/cli/tui_actions.go:42.2,42.27 1 0
github.com/xrehpicx/wts/internal/cli/tui_actions.go:43.3,45.18 3 0
github.com/xrehpicx/wts/internal/cli/tui_actions.go:46.4,47.1 1 0
github.com/xrehpicx/wts/internal/cli/tui_actions.go:48.4,49.1 1 0
github.com/xrehpicx/wts/internal/cli/tui_actions.go:50.3,50.17 1 0
github.com/xrehpicx/wts/internal/cli/tui_actions.go:51.4,52.1 1 0
github.com/xrehpicx/wts/internal/cli/tui_actions.go:53.3,53.18 1 0
github.com/xrehpicx/wts/internal/cli/tui_actions.go:54.4,55.1 1 0
github.com/xrehpicx/wts/internal/cli/tui_actions.go:56.3,56.86 1 0
github.com/xrehpicx/wts/internal/cli/tui_actions.go:58.2,58.42 1 0
github.com/xrehpicx/wts/internal/cli/tui_actions.go:62.2,63.16 2 0
github.com/xrehpicx/wts/internal/cli/tui_actions.go:64.3,65.1 1 0
github.com/xrehpicx/wts/internal/cli/tui_actions.go:66.2,67.9 2 0
github.com/xrehpicx/wts/internal/cli/tui_actions.go:68.3,71.1 3 0
github.com/xrehpicx/wts/internal/cli/tui_actions.go:72.2,76.27 5 0
github.com/xrehpicx/wts/internal/cli/tui_actions.go:77.3,77.96 1 0
github.com/xrehpicx/wts/internal/cli/tui_actions.go:78.4,79.1 1 0
github.com/xrehpicx/wts/internal/cli/tui_actions.go:80.3,80.87 1 0
github.com/xrehpicx/wts/internal/cli/tui_actions.go:82.2,82.42 1 0
github.com/xrehpicx/wts/internal/cli/tui_actions.go:86.2,87.16 2 0
github.com/xrehpicx/wts/internal/cli/tui_actions.go:88.3,89.1 1 0
github.com/xrehpicx/wts/internal/cli/tui_actions.go:90.2,91.9 2 0
github.com/xrehpicx/wts/internal/cli/tui_actions.go:92.3,95.1 3 0
github.com/xrehpicx/wts/internal/cli/tui_actions.go:96.2,96.61 1 0
github.com/xrehpicx/wts/internal/cli/tui_actions.go:97.3,100.1 3 0
github.com/xrehpicx/wts/internal/cli/tui_actions.go:101.2,105.27 5 0
github.com/xrehpicx/wts/internal/cli/tui_actions.go:106.3,107.39 2 0
github.com/xrehpicx/wts/internal/cli/tui_actions.go:108.4,109.1 1 0
github.com/xrehpicx/wts/internal/cli/tui_actions.go:110.4,111.1 1 0
github.com/xrehpicx/wts/internal/cli/tui_actions.go:112.3,112.17 1 0
github.com/xrehpicx/wts/internal/cli/tui_actions.go:113.4,114.1 1 0
github.com/xrehpicx/wts/internal/cli/tui_actions.go:115.3,115.85 1 0
github.com/xrehpicx/wts/internal/cli/tui_actions.go:117.2,117.42 1 0
github.com/xrehpicx/wts/internal/cli/tui_actions.go:121.2,122.16 2 0
github.com/xrehpicx/wts/internal/cli/tui_actions.go:123.3,124.1 1 0
github.com/xrehpicx/wts/internal/cli/tui_actions.go:125.2,129.27 5 0
github.com/xrehpicx/wts/internal/cli/tui_actions.go:130.3,130.72 1 0
github.com/xrehpicx/wts/internal/cli/tui_actions.go:131.4,132.1 1 0
github.com/xrehpicx/wts/internal/cli/tui_actions.go:133.3,133.55 1 0
github.com/xrehpicx/wts/internal/cli/tui_actions.go:135.2,135.42 1 0
github.com/xrehpicx/wts/internal/cli/tui_actions.go:139.2,140.16 2 1
github.com/xrehpicx/wts/internal/cli/tui_actions.go:141.3,142.1 1 0
github.com/xrehpicx/wts/internal/cli/tui_actions.go:143.2,144.9 2 1
github.com/xrehpicx/wts/internal/cli/tui_actions.go:145.3,148.1 3 0
github.com/xrehpicx/wts/internal/cli/tui_actions.go:149.2,149.61 1 1
github.com/xrehpicx/wts/internal/cli/tui_actions.go:150.3,153.1 3 0
github.com/xrehpicx/wts/internal/cli/tui_actions.go:155.2,159.1 5 1
github.com/xrehpicx/wts/internal/cli/tui_actions.go:160.2,160.27 5 1
github.com/xrehpicx/wts/internal/cli/tui_actions.go:161.3,162.17 2 1
github.com/xrehpicx/wts/internal/cli/tui_actions.go:163.4,164.1 1 0
github.com/xrehpicx/wts/internal/cli/tui_actions.go:165.3,165.36 1 1
github.com/xrehpicx/wts/internal/cli/tui_actions.go:167.2,167.42 1 1
github.com/xrehpicx/wts/internal/cli/tui_actions.go:173.2,174.16 2 0
github.com/xrehpicx/wts/internal/cli/tui_actions.go:175.3,176.1 1 0
github.com/xrehpicx/wts/internal/cli/tui_actions.go:177.2,179.24 3 0
github.com/xrehpicx/wts/internal/cli/tui_actions.go:180.3,181.45 2 0
github.com/xrehpicx/wts/internal/cli/tui_actions.go:182.4,182.52 1 0
github.com/xrehpicx/wts/internal/cli/tui_actions.go:183.5,184.19 2 0
github.com/xrehpicx/wts/internal/cli/tui_actions.go:185.6,185.14 1 0
github.com/xrehpicx/wts/internal/cli/tui_actions.go:187.5,188.18 2 0
github.com/xrehpicx/wts/internal/cli/tui_actions.go:189.6,189.14 1 0
github.com/xrehpicx/wts/internal/cli/tui_actions.go:191.5,191.58 1 0
github.com/xrehpicx/wts/internal/cli/tui_actions.go:193.4,193.58 1 0
github.com/xrehpicx/wts/internal/cli/tui_actions.go:196.3,197.9 2 0
github.com/xrehpicx/wts/internal/cli/tui_actions.go:198.4,199.1 1 0
github.com/xrehpicx/wts/internal/cli/tui_actions.go:200.3,201.17 2 0
github.com/xrehpicx/wts/internal/cli/tui_actions.go:202.4,203.1 1 0
github.com/xrehpicx/wts/internal/cli/tui_actions.go:204.3,205.16 2 0
github.com/xrehpicx/wts/internal/cli/tui_actions.go:206.4,207.1 1 0
github.com/xrehpicx/wts/internal/cli/tui_actions.go:208.3,209.57 2 0
github.com/xrehpicx/wts/internal/cli/tui_actions.go:214.2,214.57 1 0
github.com/xrehpicx/wts/internal/cli/tui_actions.go:215.3,216.1 1 0
github.com/xrehpicx/wts/internal/cli/tui_actions.go:222.2,222.24 1 0
github.com/xrehpicx/wts/internal/cli/tui_actions.go:223.3,224.17 2 0
github.com/xrehpicx/wts/internal/cli/tui_actions.go:225.4,226.1 1 0
github.com/xrehpicx/wts/internal/cli/tui_actions.go:227.3,229.66 3 0
github.com/xrehpicx/wts/internal/cli/tui_actions.go:234.2,235.36 2 5
github.com/xrehpicx/wts/internal/cli/tui_actions.go:236.3,237.1 1 0
github.com/xrehpicx/wts/internal/cli/tui_actions.go:239.2,240.16 2 5
github.com/xrehpicx/wts/internal/cli/tui_actions.go:241.3,245.1 4 0
github.com/xrehpicx/wts/internal/cli/tui_actions.go:246.2,247.20 2 5
github.com/xrehpicx/wts/internal/cli/tui_actions.go:248.3,250.1 2 1
github.com/xrehpicx/wts/internal/cli/tui_actions.go:251.2,251.22 1 4
github.com/xrehpicx/wts/internal/cli/tui_actions.go:252.3,252.32 1 16
github.com/xrehpicx/wts/internal/cli/tui_actions.go:253.4,255.1 2 0
github.com/xrehpicx/wts/internal/cli/tui_actions.go:257.2,257.24 1 4
github.com/xrehpicx/wts/internal/cli/tui_actions.go:258.3,259.1 1 0
github.com/xrehpicx/wts/internal/cli/tui_actions.go:265.2,266.29 2 0
github.com/xrehpicx/wts/internal/cli/tui_actions.go:267.3,267.18 1 0
github.com/xrehpicx/wts/internal/cli/tui_actions.go:268.4,269.1 1 0
github.com/xrehpicx/wts/internal/cli/tui_actions.go:271.2,271.23 1 0
github.com/xrehpicx/wts/internal/cli/tui_actions.go:272.3,273.1 1 0
github.com/xrehpicx/wts/internal/cli/tui_actions.go:275.2,278.30 4 0
github.com/xrehpicx/wts/internal/cli/tui_actions.go:279.3,281.17 3 0
github.com/xrehpicx/wts/internal/cli/tui_actions.go:282.4,283.1 1 0
github.com/xrehpicx/wts/internal/cli/tui_actions.go:284.3,285.109 2 0
github.com/xrehpicx/wts/internal/cli/tui_actions.go:287.2,287.25 1 0
github.com/xrehpicx/wts/internal/cli/tui_view.go:17.2,18.12 2 4
github.com/xrehpicx/wts/internal/cli/tui_view.go:19.3,20.1 1 0
github.com/xrehpicx/wts/internal/cli/tui_view.go:21.2,21.12 1 4
github.com/xrehpicx/wts/internal/cli/tui_view.go:22.3,23.1 1 0
github.com/xrehpicx/wts/internal/cli/tui_view.go:24.2,24.11 1 4
github.com/xrehpicx/wts/internal/cli/tui_view.go:25.3,30.1 5 1
github.com/xrehpicx/wts/internal/cli/tui_view.go:32.2,34.1 8 3
github.com/xrehpicx/wts/internal/cli/tui_view.go:35.2,37.1 8 3
github.com/xrehpicx/wts/internal/cli/tui_view.go:38.2,41.13 8 3
github.com/xrehpicx/wts/internal/cli/tui_view.go:47.2,48.1 6 3
github.com/xrehpicx/wts/internal/cli/tui_view.go:49.2,51.1 6 3
github.com/xrehpicx/wts/internal/cli/tui_view.go:52.2,53.1 6 3
github.com/xrehpicx/wts/internal/cli/tui_view.go:54.2,55.1 6 3
github.com/xrehpicx/wts/internal/cli/tui_view.go:56.2,56.18 6 3
github.com/xrehpicx/wts/internal/cli/tui_view.go:57.3,60.1 3 0
github.com/xrehpicx/wts/internal/cli/tui_view.go:61.3,65.9 5 3
github.com/xrehpicx/wts/internal/cli/tui_view.go:66.4,67.1 1 3
github.com/xrehpicx/wts/internal/cli/tui_view.go:68.3,68.20 1 3
github.com/xrehpicx/wts/internal/cli/tui_view.go:69.4,73.39 5 0
github.com/xrehpicx/wts/internal/cli/tui_view.go:74.5,75.1 1 0
github.com/xrehpicx/wts/internal/cli/tui_view.go:75.11,75.43 1 0
github.com/xrehpicx/wts/internal/cli/tui_view.go:76.5,77.1 1 0
github.com/xrehpicx/wts/internal/cli/tui_view.go:77.11,77.29 1 0
github.com/xrehpicx/wts/internal/cli/tui_view.go:78.5,79.1 1 0
github.com/xrehpicx/wts/internal/cli/tui_view.go:80.5,81.1 1 0
github.com/xrehpicx/wts/internal/cli/tui_view.go:82.4,82.103 1 0
github.com/xrehpicx/wts/internal/cli/tui_view.go:83.10,83.17 1 3
github.com/xrehpicx/wts/internal/cli/tui_view.go:84.4,85.1 1 0
github.com/xrehpicx/wts/internal/cli/tui_view.go:86.4,87.1 1 3
github.com/xrehpicx/wts/internal/cli/tui_view.go:88.3,89.1 2 3
github.com/xrehpicx/wts/internal/cli/tui_view.go:90.3,90.16 2 3
github.com/xrehpicx/wts/internal/cli/tui_view.go:91.4,92.1 1 0
github.com/xrehpicx/wts/internal/cli/tui_view.go:92.10,92.29 1 3
github.com/xrehpicx/wts/internal/cli/tui_view.go:93.4,93.22 1 0
github.com/xrehpicx/wts/internal/cli/tui_view.go:94.5,95.1 1 0
github.com/xrehpicx/wts/internal/cli/tui_view.go:96.5,97.1 1 0
github.com/xrehpicx/wts/internal/cli/tui_view.go:101.2,103.1 3 3
github.com/xrehpicx/wts/internal/cli/tui_view.go:104.2,104.62 3 3
github.com/xrehpicx/wts/internal/cli/tui_view.go:108.2,110.22 3 3
github.com/xrehpicx/wts/internal/cli/tui_view.go:111.3,114.1 3 0
github.com/xrehpicx/wts/internal/cli/tui_view.go:116.2,116.16 1 3
github.com/xrehpicx/wts/internal/cli/tui_view.go:117.3,117.17 1 2
github.com/xrehpicx/wts/internal/cli/tui_view.go:118.4,118.25 1 0
github.com/xrehpicx/wts/internal/cli/tui_view.go:119.5,120.1 1 0
github.com/xrehpicx/wts/internal/cli/tui_view.go:121.4,121.45 1 0
github.com/xrehpicx/wts/internal/cli/tui_view.go:123.3,127.23 5 2
github.com/xrehpicx/wts/internal/cli/tui_view.go:128.4,130.1 2 0
github.com/xrehpicx/wts/internal/cli/tui_view.go:131.3,133.24 3 2
github.com/xrehpicx/wts/internal/cli/tui_view.go:134.4,135.1 1 0
github.com/xrehpicx/wts/internal/cli/tui_view.go:136.3,136.59 1 2
github.com/xrehpicx/wts/internal/cli/tui_view.go:139.2,145.23 7 1
github.com/xrehpicx/wts/internal/cli/tui_view.go:146.3,147.1 1 0
github.com/xrehpicx/wts/internal/cli/tui_view.go:148.2,149.59 2 1
github.com/xrehpicx/wts/internal/cli/tui_view.go:153.2,159.1 8 5
github.com/xrehpicx/wts/internal/cli/tui_view.go:161.2,162.27 8 5
github.com/xrehpicx/wts/internal/cli/tui_view.go:163.3,164.1 1 30
github.com/xrehpicx/wts/internal/cli/tui_view.go:165.2,166.27 2 5
github.com/xrehpicx/wts/internal/cli/tui_view.go:167.3,167.32 1 30
github.com/xrehpicx/wts/internal/cli/tui_view.go:168.4,170.1 2 0
github.com/xrehpicx/wts/internal/cli/tui_view.go:171.4,172.1 1 30
github.com/xrehpicx/wts/internal/cli/tui_view.go:175.2,175.31 1 5
github.com/xrehpicx/wts/internal/cli/tui_view.go:176.3,177.1 3 10
github.com/xrehpicx/wts/internal/cli/tui_view.go:179.3,180.17 3 10
github.com/xrehpicx/wts/internal/cli/tui_view.go:181.4,182.1 1 5
github.com/xrehpicx/wts/internal/cli/tui_view.go:184.3,185.19 2 10
github.com/xrehpicx/wts/internal/cli/tui_view.go:186.4,187.1 1 0
github.com/xrehpicx/wts/internal/cli/tui_view.go:187.10,187.50 1 10
github.com/xrehpicx/wts/internal/cli/tui_view.go:188.4,189.1 1 0
github.com/xrehpicx/wts/internal/cli/tui_view.go:189.10,189.39 1 10
github.com/xrehpicx/wts/internal/cli/tui_view.go:190.4,191.1 1 0
github.com/xrehpicx/wts/internal/cli/tui_view.go:191.10,191.25 1 10
github.com/xrehpicx/wts/internal/cli/tui_view.go:192.4,193.1 1 0
github.com/xrehpicx/wts/internal/cli/tui_view.go:194.4,195.1 1 10
github.com/xrehpicx/wts/internal/cli/tui_view.go:197.3,199.1 4 10
github.com/xrehpicx/wts/internal/cli/tui_view.go:201.3,202.19 4 10
github.com/xrehpicx/wts/internal/cli/tui_view.go:203.4,204.1 1 0
github.com/xrehpicx/wts/internal/cli/tui_view.go:204.10,204.36 1 10
github.com/xrehpicx/wts/internal/cli/tui_view.go:205.4,206.1 1 0
github.com/xrehpicx/wts/internal/cli/tui_view.go:206.10,206.24 1 10
github.com/xrehpicx/wts/internal/cli/tui_view.go:207.4,208.1 1 0
github.com/xrehpicx/wts/internal/cli/tui_view.go:210.3,211.22 2 10
github.com/xrehpicx/wts/internal/cli/tui_view.go:212.4,216.1 4 0
github.com/xrehpicx/wts/internal/cli/tui_view.go:217.4,218.1 1 10
github.com/xrehpicx/wts/internal/cli/tui_view.go:221.3,224.1 5 10
github.com/xrehpicx/wts/internal/cli/tui_view.go:225.3,226.19 5 10
github.com/xrehpicx/wts/internal/cli/tui_view.go:227.4,228.1 1 0
github.com/xrehpicx/wts/internal/cli/tui_view.go:228.10,228.51 1 10
github.com/xrehpicx/wts/internal/cli/tui_view.go:230.4,231.36 2 0
github.com/xrehpicx/wts/internal/cli/tui_view.go:232.5,233.30 2 0
github.com/xrehpicx/wts/internal/cli/tui_view.go:234.6,235.1 1 0
github.com/xrehpicx/wts/internal/cli/tui_view.go:235.12,235.25 1 0
github.com/xrehpicx/wts/internal/cli/tui_view.go:236.6,237.1 1 0
github.com/xrehpicx/wts/internal/cli/tui_view.go:238.6,239.1 1 0
github.com/xrehpicx/wts/internal/cli/tui_view.go:240.5,240.76 1 0
github.com/xrehpicx/wts/internal/cli/tui_view.go:242.4,246.41 5 0
github.com/xrehpicx/wts/internal/cli/tui_view.go:247.5,248.1 1 0
github.com/xrehpicx/wts/internal/cli/tui_view.go:249.5,250.1 1 0
github.com/xrehpicx/wts/internal/cli/tui_view.go:252.4,253.1 1 10
github.com/xrehpicx/wts/internal/cli/tui_view.go:256.3,256.17 1 10
github.com/xrehpicx/wts/internal/cli/tui_view.go:257.4,260.1 3 5
github.com/xrehpicx/wts/internal/cli/tui_view.go:262.3,263.1 2 10
github.com/xrehpicx/wts/internal/cli/tui_view.go:265.3,265.16 2 10
github.com/xrehpicx/wts/internal/cli/tui_view.go:266.4,267.1 1 5
github.com/xrehpicx/wts/internal/cli/tui_view.go:270.2,270.63 1 5
github.com/xrehpicx/wts/internal/cli/tui_view.go:274.2,274.16 1 5
github.com/xrehpicx/wts/internal/cli/tui_view.go:275.3,276.1 1 0
github.com/xrehpicx/wts/internal/cli/tui_view.go:280.2,284.1 5 5
github.com/xrehpicx/wts/internal/cli/tui_view.go:285.2,285.23 5 5
github.com/xrehpicx/wts/internal/cli/tui_view.go:286.3,287.1 1 1
github.com/xrehpicx/wts/internal/cli/tui_view.go:287.9,287.39 1 4
github.com/xrehpicx/wts/internal/cli/tui_view.go:288.3,289.1 1 1
github.com/xrehpicx/wts/internal/cli/tui_view.go:291.2,291.43 1 5
github.com/xrehpicx/wts/internal/cli/tui_view.go:295.2,298.8 4 3
github.com/xrehpicx/wts/internal/cli/tui_view.go:299.3,300.1 1 3
github.com/xrehpicx/wts/internal/cli/tui_view.go:302.2,303.16 2 3
github.com/xrehpicx/wts/internal/cli/tui_view.go:304.3,307.1 1 0
github.com/xrehpicx/wts/internal/cli/tui_view.go:309.2,311.18 3 3
github.com/xrehpicx/wts/internal/cli/tui_view.go:312.3,315.1 1 0
github.com/xrehpicx/wts/internal/cli/tui_view.go:318.2,321.1 3 3
github.com/xrehpicx/wts/internal/cli/tui_view.go:323.2,324.28 3 3
github.com/xrehpicx/wts/internal/cli/tui_view.go:325.3,326.35 2 0
github.com/xrehpicx/wts/internal/cli/tui_view.go:327.4,328.29 2 0
github.com/xrehpicx/wts/internal/cli/tui_view.go:329.5,330.1 1 0
github.com/xrehpicx/wts/internal/cli/tui_view.go:330.11,330.24 1 0
github.com/xrehpicx/wts/internal/cli/tui_view.go:331.5,332.1 1 0
github.com/xrehpicx/wts/internal/cli/tui_view.go:333.5,334.1 1 0
github.com/xrehpicx/wts/internal/cli/tui_view.go:335.4,335.41 1 0
github.com/xrehpicx/wts/internal/cli/tui_view.go:337.3,337.67 1 0
github.com/xrehpicx/wts/internal/cli/tui_view.go:338.9,338.25 1 3
github.com/xrehpicx/wts/internal/cli/tui_view.go:339.3,340.1 1 3
github.com/xrehpicx/wts/internal/cli/tui_view.go:343.2,344.9 2 3
github.com/xrehpicx/wts/internal/cli/tui_view.go:346.3,346.103 1 0
github.com/xrehpicx/wts/internal/cli/tui_view.go:348.3,349.109 2 0
github.com/xrehpicx/wts/internal/cli/tui_view.go:351.3,352.17 2 3
github.com/xrehpicx/wts/internal/cli/tui_view.go:353.4,354.1 1 0
github.com/xrehpicx/wts/internal/cli/tui_view.go:355.4,356.1 1 3
github.com/xrehpicx/wts/internal/cli/tui_view.go:360.2,361.46 2 3
github.com/xrehpicx/wts/internal/cli/tui_view.go:362.3,363.1 1 3
github.com/xrehpicx/wts/internal/cli/tui_view.go:363.9,363.15 1 0
github.com/xrehpicx/wts/internal/cli/tui_view.go:364.3,365.1 1 0
github.com/xrehpicx/wts/internal/cli/tui_view.go:366.2,372.1 7 3
github.com/xrehpicx/wts/internal/cli/tui_view.go:374.2,376.44 7 3
github.com/xrehpicx/wts/internal/cli/tui_view.go:377.3,378.1 1 0
github.com/xrehpicx/wts/internal/cli/tui_view.go:378.9,378.15 1 3
github.com/xrehpicx/wts/internal/cli/tui_view.go:379.3,380.1 1 3
github.com/xrehpicx/wts/internal/cli/tui_view.go:381.2,382.35 2 3
github.com/xrehpicx/wts/internal/cli/tui_view.go:383.3,384.1 1 0
github.com/xrehpicx/wts/internal/cli/tui_view.go:384.9,384.26 1 3
github.com/xrehpicx/wts/internal/cli/tui_view.go:385.3,386.1 1 0
github.com/xrehpicx/wts/internal/cli/tui_view.go:386.9,386.24 1 3
github.com/xrehpicx/wts/internal/cli/tui_view.go:387.3,388.1 1 0
github.com/xrehpicx/wts/internal/cli/tui_view.go:389.3,390.1 1 3
github.com/xrehpicx/wts/internal/cli/tui_view.go:393.2,395.23 3 3
github.com/xrehpicx/wts/internal/cli/tui_view.go:396.3,397.1 1 3
github.com/xrehpicx/wts/internal/cli/tui_view.go:398.2,400.1 4 3
github.com/xrehpicx/wts/internal/cli/tui_view.go:401.2,402.18 4 3
github.com/xrehpicx/wts/internal/cli/tui_view.go:403.3,404.63 2 2
github.com/xrehpicx/wts/internal/cli/tui_view.go:405.4,405.46 1 0
github.com/xrehpicx/wts/internal/cli/tui_view.go:406.5,407.1 1 0
github.com/xrehpicx/wts/internal/cli/tui_view.go:408.5,409.11 2 0
github.com/xrehpicx/wts/internal/cli/tui_view.go:410.6,411.1 1 0
github.com/xrehpicx/wts/internal/cli/tui_view.go:412.5,414.43 3 0
github.com/xrehpicx/wts/internal/cli/tui_view.go:415.6,416.1 1 0
github.com/xrehpicx/wts/internal/cli/tui_view.go:418.10,418.26 1 2
github.com/xrehpicx/wts/internal/cli/tui_view.go:419.4,420.1 1 2
github.com/xrehpicx/wts/internal/cli/tui_view.go:423.2,423.30 1 3
github.com/xrehpicx/wts/internal/cli/tui_view.go:424.3,425.1 1 20
github.com/xrehpicx/wts/internal/cli/tui_view.go:426.2,427.1 2 3
github.com/xrehpicx/wts/internal/cli/tui_view.go:428.2,428.63 2 3
github.com/xrehpicx/wts/internal/cli/tui_view.go:432.2,432.29 1 4
github.com/xrehpicx/wts/internal/cli/tui_view.go:433.3,434.1 1 2
github.com/xrehpicx/wts/internal/cli/tui_view.go:435.2,438.19 4 2
github.com/xrehpicx/wts/internal/cli/tui_view.go:439.3,441.1 1 2
github.com/xrehpicx/wts/internal/cli/tui_view.go:443.2,450.1 3 0
github.com/xrehpicx/wts/internal/cli/tui_view.go:452.2,453.28 3 0
github.com/xrehpicx/wts/internal/cli/tui_view.go:454.3,455.1 1 0
github.com/xrehpicx/wts/internal/cli/tui_view.go:456.3,458.93 3 0
github.com/xrehpicx/wts/internal/cli/tui_view.go:459.4,460.1 1 0
github.com/xrehpicx/wts/internal/cli/tui_view.go:461.3,462.32 2 0
github.com/xrehpicx/wts/internal/cli/tui_view.go:463.4,465.81 3 0
github.com/xrehpicx/wts/internal/cli/tui_view.go:466.5,467.1 1 0
github.com/xrehpicx/wts/internal/cli/tui_view.go:468.4,469.35 2 0
github.com/xrehpicx/wts/internal/cli/tui_view.go:470.5,471.1 1 0
github.com/xrehpicx/wts/internal/cli/tui_view.go:472.4,473.81 2 0
github.com/xrehpicx/wts/internal/cli/tui_view.go:474.5,475.1 1 0
github.com/xrehpicx/wts/internal/cli/tui_view.go:476.5,477.1 1 0
github.com/xrehpicx/wts/internal/cli/tui_view.go:478.4,478.31 1 0
github.com/xrehpicx/wts/internal/cli/tui_view.go:482.2,484.1 3 0
github.com/xrehpicx/wts/internal/cli/tui_view.go:485.2,485.27 3 0
github.com/xrehpicx/wts/internal/cli/tui_view.go:486.3,487.1 1 0
github.com/xrehpicx/wts/internal/cli/tui_view.go:488.2,488.28 1 0
github.com/xrehpicx/wts/internal/cli/tui_view.go:489.3,490.1 1 0
github.com/xrehpicx/wts/internal/cli/tui_view.go:492.2,493.69 2 0
github.com/xrehpicx/wts/internal/cli/tui_view.go:497.2,498.35 2 0
github.com/xrehpicx/wts/internal/cli/tui_view.go:499.3,500.1 1 0
github.com/xrehpicx/wts/internal/cli/tui_view.go:501.2,502.48 2 0
github.com/xrehpicx/wts/internal/cli/tui_view.go:503.3,504.1 1 0
github.com/xrehpicx/wts/internal/cli/tui_view.go:505.2,505.34 1 0
github.com/xrehpicx/wts/internal/cli/tui_view.go:509.2,510.13 2 8
github.com/xrehpicx/wts/internal/cli/tui_view.go:511.3,512.1 1 5
github.com/xrehpicx/wts/internal/cli/tui_view.go:513.2,515.1 6 8
github.com/xrehpicx/wts/internal/cli/tui_view.go:516.2,519.29 6 8
github.com/xrehpicx/wts/internal/cli/tui_view.go:520.3,521.34 2 62
github.com/xrehpicx/wts/internal/cli/tui_view.go:522.4,522.9 1 6
github.com/xrehpicx/wts/internal/cli/tui_view.go:525.2,525.33 1 8
github.com/xrehpicx/wts/internal/cli/tui_view.go:526.3,527.1 1 20
github.com/xrehpicx/wts/internal/cli/tui_view.go:529.2,529.55 1 8
github.com/xrehpicx/wts/internal/cli/tui_view.go:533.2,536.29 4 10
github.com/xrehpicx/wts/internal/cli/tui_view.go:537.3,537.34 1 100
github.com/xrehpicx/wts/internal/cli/tui_view.go:538.4,538.9 1 0
github.com/xrehpicx/wts/internal/cli/tui_view.go:540.3,540.60 1 100
github.com/xrehpicx/wts/internal/cli/tui_view.go:542.2,542.33 1 10
github.com/xrehpicx/wts/internal/cli/tui_view.go:543.3,544.1 1 1
github.com/xrehpicx/wts/internal/cli/tui_view.go:545.2,545.71 1 10
github.com/xrehpicx/wts/internal/cli/tui_view.go:549.2,551.15 3 3
github.com/xrehpicx/wts/internal/cli/tui_view.go:552.3,553.1 1 0
github.com/xrehpicx/wts/internal/cli/tui_view.go:554.2,554.23 1 3
github.com/xrehpicx/wts/internal/cli/tui_view.go:560.2,561.16 2 3
github.com/xrehpicx/wts/internal/cli/tui_view.go:562.3,563.1 1 0
github.com/xrehpicx/wts/internal/cli/tui_view.go:564.2,565.100 2 3
github.com/xrehpicx/wts/internal/cli/tui_view.go:566.3,567.1 1 3
github.com/xrehpicx/wts/internal/cli/tui_view.go:568.2,568.21 1 0
github.com/xrehpicx/wts/internal/cli/tui_view.go:569.3,570.1 1 0
github.com/xrehpicx/wts/internal/cli/tui_view.go:571.2,571.37 1 0
github.com/xrehpicx/wts/internal/cli/tui_view.go:575.2,575.16 1 205
github.com/xrehpicx/wts/internal/cli/tui_view.go:576.3,577.1 1 0
github.com/xrehpicx/wts/internal/cli/tui_view.go:578.2,578.39 1 205
github.com/xrehpicx/wts/internal/cli/tui_view.go:582.2,582.16 1 6
github.com/xrehpicx/wts/internal/cli/tui_view.go:583.3,584.1 1 0
github.com/xrehpicx/wts/internal/cli/tui_view.go:585.2,586.14 2 6
github.com/xrehpicx/wts/internal/cli/tui_view.go:587.3,588.1 1 5
github.com/xrehpicx/wts/internal/cli/tui_view.go:589.2,590.27 2 1
github.com/xrehpicx/wts/internal/cli/tui_view.go:591.3,592.1 1 0
github.com/xrehpicx/wts/internal/cli/tui_view.go:593.2,594.27 2 1
github.com/xrehpicx/wts/internal/gitwt/gitwt.go:29.2,30.16 2 0
github.com/xrehpicx/wts/internal/gitwt/gitwt.go:31.3,32.1 1 0
github.com/xrehpicx/wts/internal/gitwt/gitwt.go:34.2,36.16 3 0
github.com/xrehpicx/wts/internal/gitwt/gitwt.go:37.3,38.16 2 0
github.com/xrehpicx/wts/internal/gitwt/gitwt.go:39.4,40.1 1 0
github.com/xrehpicx/wts/internal/gitwt/gitwt.go:41.3,41.56 1 0
github.com/xrehpicx/wts/internal/gitwt/gitwt.go:44.2,45.16 2 0
github.com/xrehpicx/wts/internal/gitwt/gitwt.go:46.3,47.1 1 0
github.com/xrehpicx/wts/internal/gitwt/gitwt.go:48.2,48.21 1 0
github.com/xrehpicx/wts/internal/gitwt/gitwt.go:49.3,50.1 1 0
github.com/xrehpicx/wts/internal/gitwt/gitwt.go:53.2,54.23 2 0
github.com/xrehpicx/wts/internal/gitwt/gitwt.go:55.3,56.16 2 0
github.com/xrehpicx/wts/internal/gitwt/gitwt.go:57.4,58.37 2 0
github.com/xrehpicx/wts/internal/gitwt/gitwt.go:59.5,60.1 1 0
github.com/xrehpicx/wts/internal/gitwt/gitwt.go:62.4,63.44 2 0
github.com/xrehpicx/wts/internal/gitwt/gitwt.go:64.5,64.51 1 0
github.com/xrehpicx/wts/internal/gitwt/gitwt.go:65.6,66.39 2 0
github.com/xrehpicx/wts/internal/gitwt/gitwt.go:67.7,68.1 1 0
github.com/xrehpicx/wts/internal/gitwt/gitwt.go:74.2,74.40 1 0
github.com/xrehpicx/wts/internal/gitwt/gitwt.go:75.3,75.37 1 0
github.com/xrehpicx/wts/internal/gitwt/gitwt.go:76.4,77.1 1 0
github.com/xrehpicx/wts/internal/gitwt/gitwt.go:78.3,78.39 1 0
github.com/xrehpicx/wts/internal/gitwt/gitwt.go:80.2,80.19 1 0
github.com/xrehpicx/wts/internal/gitwt/gitwt.go:84.2,85.15 2 2
github.com/xrehpicx/wts/internal/gitwt/gitwt.go:86.3,87.1 1 0
github.com/xrehpicx/wts/internal/gitwt/gitwt.go:89.2,89.47 1 2
github.com/xrehpicx/wts/internal/gitwt/gitwt.go:90.3,91.24 2 2
github.com/xrehpicx/wts/internal/gitwt/gitwt.go:92.4,92.48 1 3
github.com/xrehpicx/wts/internal/gitwt/gitwt.go:93.5,94.1 1 1
github.com/xrehpicx/wts/internal/gitwt/gitwt.go:98.2,99.23 2 1
github.com/xrehpicx/wts/internal/gitwt/gitwt.go:100.3,100.27 1 2
github.com/xrehpicx/wts/internal/gitwt/gitwt.go:101.4,102.1 1 1
github.com/xrehpicx/wts/internal/gitwt/gitwt.go:104.2,104.23 1 1
github.com/xrehpicx/wts/internal/gitwt/gitwt.go:105.3,106.1 1 1
github.com/xrehpicx/wts/internal/gitwt/gitwt.go:107.2,107.22 1 0
github.com/xrehpicx/wts/internal/gitwt/gitwt.go:108.3,109.1 1 0
github.com/xrehpicx/wts/internal/gitwt/gitwt.go:110.2,110.54 1 0
github.com/xrehpicx/wts/internal/gitwt/gitwt.go:114.2,116.1 3 2
github.com/xrehpicx/wts/internal/gitwt/gitwt.go:117.2,117.24 3 2
github.com/xrehpicx/wts/internal/gitwt/gitwt.go:118.3,118.21 1 11
github.com/xrehpicx/wts/internal/gitwt/gitwt.go:119.4,120.1 1 8
github.com/xrehpicx/wts/internal/gitwt/gitwt.go:121.3,121.24 1 3
github.com/xrehpicx/wts/internal/gitwt/gitwt.go:122.4,123.1 1 0
github.com/xrehpicx/wts/internal/gitwt/gitwt.go:124.3,125.17 2 3
github.com/xrehpicx/wts/internal/gitwt/gitwt.go:126.4,127.1 1 0
github.com/xrehpicx/wts/internal/gitwt/gitwt.go:128.3,130.94 3 3
github.com/xrehpicx/wts/internal/gitwt/gitwt.go:131.4,132.1 1 0
github.com/xrehpicx/wts/internal/gitwt/gitwt.go:133.3,136.13 4 3
github.com/xrehpicx/wts/internal/gitwt/gitwt.go:139.2,140.35 2 2
github.com/xrehpicx/wts/internal/gitwt/gitwt.go:141.3,142.1 1 1
github.com/xrehpicx/wts/internal/gitwt/gitwt.go:143.2,143.53 1 2
github.com/xrehpicx/wts/internal/gitwt/gitwt.go:144.3,145.17 2 15
github.com/xrehpicx/wts/internal/gitwt/gitwt.go:146.4,146.34 1 6
github.com/xrehpicx/wts/internal/gitwt/gitwt.go:147.5,148.1 1 0
github.com/xrehpicx/wts/internal/gitwt/gitwt.go:149.4,149.12 1 6
github.com/xrehpicx/wts/internal/gitwt/gitwt.go:152.3,152.43 1 9
github.com/xrehpicx/wts/internal/gitwt/gitwt.go:153.4,153.34 1 3
github.com/xrehpicx/wts/internal/gitwt/gitwt.go:154.5,155.1 1 0
github.com/xrehpicx/wts/internal/gitwt/gitwt.go:156.4,157.12 2 3
github.com/xrehpicx/wts/internal/gitwt/gitwt.go:160.3,160.21 1 6
github.com/xrehpicx/wts/internal/gitwt/gitwt.go:161.4,161.12 1 0
github.com/xrehpicx/wts/internal/gitwt/gitwt.go:164.3,164.10 1 6
github.com/xrehpicx/wts/internal/gitwt/gitwt.go:166.4,166.52 1 3
github.com/xrehpicx/wts/internal/gitwt/gitwt.go:168.4,168.56 1 3
github.com/xrehpicx/wts/internal/gitwt/gitwt.go:170.4,170.23 1 0
github.com/xrehpicx/wts/internal/gitwt/gitwt.go:172.4,172.27 1 0
github.com/xrehpicx/wts/internal/gitwt/gitwt.go:174.4,175.66 2 0
github.com/xrehpicx/wts/internal/gitwt/gitwt.go:178.2,178.32 1 2
github.com/xrehpicx/wts/internal/gitwt/gitwt.go:179.3,180.1 1 0
github.com/xrehpicx/wts/internal/gitwt/gitwt.go:181.2,181.19 1 2
github.com/xrehpicx/wts/internal/model/model.go:59.2,67.1 2 2
github.com/xrehpicx/wts/internal/model/model.go:68.2,68.29 2 2
github.com/xrehpicx/wts/internal/model/model.go:69.3,70.1 1 3
github.com/xrehpicx/wts/internal/model/model.go:71.2,71.26 1 2
github.com/xrehpicx/wts/internal/model/model.go:72.3,73.1 1 1
github.com/xrehpicx/wts/internal/model/model.go:74.2,74.10 1 2
github.com/xrehpicx/wts/internal/model/model.go:78.2,79.9 2 1
github.com/xrehpicx/wts/internal/model/model.go:80.3,81.1 1 0
github.com/xrehpicx/wts/internal/model/model.go:82.2,82.31 1 1
github.com/xrehpicx/wts/internal/model/model.go:86.2,87.35 2 0
github.com/xrehpicx/wts/internal/model/model.go:88.3,89.1 1 0
github.com/xrehpicx/wts/internal/model/model.go:90.2,90.14 1 0
github.com/xrehpicx/wts/internal/model/model.go:94.2,95.9 2 0
github.com/xrehpicx/wts/internal/model/model.go:96.3,97.1 1 0
github.com/xrehpicx/wts/internal/model/model.go:98.2,98.28 1 0
github.com/xrehpicx/wts/internal/model/model.go:102.2,103.33 2 0
github.com/xrehpicx/wts/internal/model/model.go:104.3,105.1 1 0
github.com/xrehpicx/wts/internal/model/model.go:106.2,106.14 1 0
github.com/xrehpicx/wts/internal/model/model.go:110.2,110.42 1 1
github.com/xrehpicx/wts/internal/model/model.go:111.3,112.1 1 0
github.com/xrehpicx/wts/internal/model/model.go:114.2,114.21 1 1
github.com/xrehpicx/wts/internal/model/model.go:115.3,116.17 2 0
github.com/xrehpicx/wts/internal/model/model.go:117.4,118.1 1 0
github.com/xrehpicx/wts/internal/model/model.go:119.3,123.9 1 0
github.com/xrehpicx/wts/internal/model/model.go:126.2,126.23 1 1
github.com/xrehpicx/wts/internal/model/model.go:127.3,127.28 1 1
github.com/xrehpicx/wts/internal/model/model.go:128.4,129.1 1 0
github.com/xrehpicx/wts/internal/model/model.go:130.3,130.36 1 1
github.com/xrehpicx/wts/internal/model/model.go:133.2,133.50 1 1
github.com/xrehpicx/wts/internal/model/model.go:134.3,135.1 1 0
github.com/xrehpicx/wts/internal/model/model.go:136.2,140.8 1 1
github.com/xrehpicx/wts/internal/model/model.go:144.2,145.38 2 0
github.com/xrehpicx/wts/internal/model/model.go:146.3,151.1 1 0
github.com/xrehpicx/wts/internal/model/model.go:152.2,152.33 1 0
github.com/xrehpicx/wts/internal/model/model.go:153.3,158.1 1 0
github.com/xrehpicx/wts/internal/model/model.go:159.2,159.16 1 0
github.com/xrehpicx/wts/internal/model/model.go:163.2,166.1 3 1
github.com/xrehpicx/wts/internal/model/model.go:168.2,169.38 3 1
github.com/xrehpicx/wts/internal/model/model.go:170.3,171.39 2 1
[...]
github.com/xrehpicx/wts/internal/runtime/manager.go:706.3,707.1 1 0
github.com/xrehpicx/wts/internal/runtime/manager.go:708.2,708.43 1 0
github.com/xrehpicx/wts/internal/runtime/manager.go:712.2,712.35 1 8
github.com/xrehpicx/wts/internal/runtime/manager.go:713.3,714.1 1 0
github.com/xrehpicx/wts/internal/runtime/manager.go:715.2,715.36 1 8
github.com/xrehpicx/wts/internal/runtime/manager.go:719.2,719.42 1 63
github.com/xrehpicx/wts/internal/runtime/manager.go:720.3,721.1 1 0
github.com/xrehpicx/wts/internal/runtime/manager.go:722.2,722.64 1 63
github.com/xrehpicx/wts/internal/runtime/manager.go:723.3,724.1 1 0
github.com/xrehpicx/wts/internal/runtime/manager.go:725.2,725.12 1 63
github.com/xrehpicx/wts/internal/runtime/manager.go:729.2,730.1 1 69
github.com/xrehpicx/wts/internal/runtime/manager.go:733.2,734.1 1 66
github.com/xrehpicx/wts/internal/runtime/manager.go:737.2,738.1 1 49
github.com/xrehpicx/wts/internal/runtime/manager.go:741.2,742.1 1 3
github.com/xrehpicx/wts/internal/runtime/manager.go:745.2,746.100 2 7
github.com/xrehpicx/wts/internal/runtime/manager.go:747.3,748.1 1 0
github.com/xrehpicx/wts/internal/runtime/manager.go:749.2,749.12 1 7
github.com/xrehpicx/wts/internal/runtime/manager.go:753.2,754.1 1 4
github.com/xrehpicx/wts/internal/runtime/manager.go:757.2,758.16 2 5
github.com/xrehpicx/wts/internal/runtime/manager.go:759.3,760.1 1 0
github.com/xrehpicx/wts/internal/runtime/manager.go:761.2,761.57 1 5
github.com/xrehpicx/wts/internal/runtime/manager.go:762.3,763.1 1 1
github.com/xrehpicx/wts/internal/runtime/manager.go:765.2,767.16 3 4
github.com/xrehpicx/wts/internal/runtime/manager.go:768.3,769.1 1 0
github.com/xrehpicx/wts/internal/runtime/manager.go:770.2,770.19 1 4
github.com/xrehpicx/wts/internal/runtime/manager.go:771.3,771.104 1 2
github.com/xrehpicx/wts/internal/runtime/manager.go:772.4,773.1 1 0
github.com/xrehpicx/wts/internal/runtime/manager.go:774.3,774.103 1 2
github.com/xrehpicx/wts/internal/runtime/manager.go:775.4,776.1 1 0
github.com/xrehpicx/wts/internal/runtime/manager.go:777.3,777.106 1 2
github.com/xrehpicx/wts/internal/runtime/manager.go:778.4,779.1 1 0
github.com/xrehpicx/wts/internal/runtime/manager.go:780.3,780.90 1 2
github.com/xrehpicx/wts/internal/runtime/manager.go:783.2,784.16 2 2
github.com/xrehpicx/wts/internal/runtime/manager.go:785.3,786.1 1 0
github.com/xrehpicx/wts/internal/runtime/manager.go:788.2,789.16 2 2
github.com/xrehpicx/wts/internal/runtime/manager.go:790.3,791.1 1 0
github.com/xrehpicx/wts/internal/runtime/manager.go:793.2,794.29 2 2
github.com/xrehpicx/wts/internal/runtime/manager.go:795.3,796.17 2 2
github.com/xrehpicx/wts/internal/runtime/manager.go:797.4,798.1 1 0
github.com/xrehpicx/wts/internal/runtime/manager.go:799.3,799.17 1 2
github.com/xrehpicx/wts/internal/runtime/manager.go:800.4,801.9 2 2
github.com/xrehpicx/wts/internal/runtime/manager.go:804.2,804.49 1 2
github.com/xrehpicx/wts/internal/runtime/manager.go:805.3,805.115 1 1
github.com/xrehpicx/wts/internal/runtime/manager.go:806.4,807.1 1 0
github.com/xrehpicx/wts/internal/runtime/manager.go:810.2,811.9 2 2
github.com/xrehpicx/wts/internal/runtime/manager.go:812.3,813.1 1 0
github.com/xrehpicx/wts/internal/runtime/manager.go:814.2,814.60 1 2
github.com/xrehpicx/wts/internal/runtime/manager.go:815.3,816.1 1 1
github.com/xrehpicx/wts/internal/runtime/manager.go:818.2,818.105 1 1
github.com/xrehpicx/wts/internal/runtime/manager.go:819.3,820.1 1 0
github.com/xrehpicx/wts/internal/runtime/manager.go:821.2,821.89 1 1
github.com/xrehpicx/wts/internal/runtime/manager.go:825.2,825.29 1 4
github.com/xrehpicx/wts/internal/runtime/manager.go:826.3,826.20 1 4
github.com/xrehpicx/wts/internal/runtime/manager.go:827.4,828.1 1 2
github.com/xrehpicx/wts/internal/runtime/manager.go:830.2,830.14 1 2
github.com/xrehpicx/wts/internal/runtime/manager.go:834.2,834.28 1 2
github.com/xrehpicx/wts/internal/runtime/manager.go:835.3,835.33 1 2
github.com/xrehpicx/wts/internal/runtime/manager.go:836.4,837.1 1 1
github.com/xrehpicx/wts/internal/runtime/manager.go:839.2,839.14 1 1
github.com/xrehpicx/wts/internal/runtime/manager.go:843.2,843.36 1 0
github.com/xrehpicx/wts/internal/runtime/manager.go:844.3,844.22 1 0
github.com/xrehpicx/wts/internal/runtime/manager.go:845.4,846.1 1 0
github.com/xrehpicx/wts/internal/runtime/manager.go:848.2,848.11 1 0
github.com/xrehpicx/wts/internal/tmux/client.go:52.2,57.34 6 0
github.com/xrehpicx/wts/internal/tmux/client.go:58.3,59.16 2 0
github.com/xrehpicx/wts/internal/tmux/client.go:60.4,61.1 1 0
github.com/xrehpicx/wts/internal/tmux/client.go:62.3,62.16 1 0
github.com/xrehpicx/wts/internal/tmux/client.go:63.4,64.1 1 0
github.com/xrehpicx/wts/internal/tmux/client.go:65.3,65.17 1 0
github.com/xrehpicx/wts/internal/tmux/client.go:67.2,67.48 1 0
github.com/xrehpicx/wts/internal/tmux/client.go:76.2,76.34 1 8
github.com/xrehpicx/wts/internal/tmux/client.go:77.3,78.1 1 0
github.com/xrehpicx/wts/internal/tmux/client.go:79.2,79.48 1 8
github.com/xrehpicx/wts/internal/tmux/client.go:83.2,83.48 1 0
github.com/xrehpicx/wts/internal/tmux/client.go:84.3,85.1 1 0
github.com/xrehpicx/wts/internal/tmux/client.go:86.2,87.16 2 0
github.com/xrehpicx/wts/internal/tmux/client.go:88.3,89.1 1 0
github.com/xrehpicx/wts/internal/tmux/client.go:90.2,90.12 1 0
github.com/xrehpicx/wts/internal/tmux/client.go:94.2,95.16 2 2
github.com/xrehpicx/wts/internal/tmux/client.go:96.3,97.1 1 0
github.com/xrehpicx/wts/internal/tmux/client.go:98.2,98.31 1 2
github.com/xrehpicx/wts/internal/tmux/client.go:99.3,100.1 1 0
github.com/xrehpicx/wts/internal/tmux/client.go:101.2,102.16 2 2
github.com/xrehpicx/wts/internal/tmux/client.go:103.3,104.1 1 0
github.com/xrehpicx/wts/internal/tmux/client.go:105.2,105.12 1 2
github.com/xrehpicx/wts/internal/tmux/client.go:109.2,110.16 2 6
github.com/xrehpicx/wts/internal/tmux/client.go:111.3,112.1 1 4
github.com/xrehpicx/wts/internal/tmux/client.go:113.2,113.30 1 2
github.com/xrehpicx/wts/internal/tmux/client.go:114.3,115.1 1 1
github.com/xrehpicx/wts/internal/tmux/client.go:116.2,116.85 1 1
github.com/xrehpicx/wts/internal/tmux/client.go:120.2,121.16 2 1
github.com/xrehpicx/wts/internal/tmux/client.go:122.3,123.1 1 0
github.com/xrehpicx/wts/internal/tmux/client.go:124.2,124.12 1 1
github.com/xrehpicx/wts/internal/tmux/client.go:125.3,125.94 1 0
github.com/xrehpicx/wts/internal/tmux/client.go:126.4,127.1 1 0
github.com/xrehpicx/wts/internal/tmux/client.go:130.2,130.112 1 1
github.com/xrehpicx/wts/internal/tmux/client.go:131.3,132.1 1 0
github.com/xrehpicx/wts/internal/tmux/client.go:134.2,135.61 2 1
github.com/xrehpicx/wts/internal/tmux/client.go:136.3,138.1 2 1
github.com/xrehpicx/wts/internal/tmux/client.go:140.2,142.99 3 0
github.com/xrehpicx/wts/internal/tmux/client.go:143.3,145.1 2 0
github.com/xrehpicx/wts/internal/tmux/client.go:146.2,146.12 1 0
github.com/xrehpicx/wts/internal/tmux/client.go:150.2,151.16 2 2
github.com/xrehpicx/wts/internal/tmux/client.go:152.3,153.1 1 0
github.com/xrehpicx/wts/internal/tmux/client.go:154.2,154.13 1 2
github.com/xrehpicx/wts/internal/tmux/client.go:155.3,156.1 1 0
github.com/xrehpicx/wts/internal/tmux/client.go:158.2,159.16 2 2
github.com/xrehpicx/wts/internal/tmux/client.go:160.3,160.31 1 0
github.com/xrehpicx/wts/internal/tmux/client.go:161.4,162.1 1 0
github.com/xrehpicx/wts/internal/tmux/client.go:163.3,163.13 1 0
github.com/xrehpicx/wts/internal/tmux/client.go:165.2,165.29 1 2
github.com/xrehpicx/wts/internal/tmux/client.go:166.3,166.48 1 3
github.com/xrehpicx/wts/internal/tmux/client.go:167.4,167.12 1 1
github.com/xrehpicx/wts/internal/tmux/client.go:169.3,169.88 1 2
github.com/xrehpicx/wts/internal/tmux/client.go:170.4,170.32 1 0
github.com/xrehpicx/wts/internal/tmux/client.go:171.5,171.13 1 0
github.com/xrehpicx/wts/internal/tmux/client.go:173.4,173.81 1 0
github.com/xrehpicx/wts/internal/tmux/client.go:177.2,178.34 2 2
github.com/xrehpicx/wts/internal/tmux/client.go:179.3,180.17 2 2
github.com/xrehpicx/wts/internal/tmux/client.go:181.4,182.1 1 0
github.com/xrehpicx/wts/internal/tmux/client.go:183.3,183.13 1 2
github.com/xrehpicx/wts/internal/tmux/client.go:184.4,185.1 1 0
github.com/xrehpicx/wts/internal/tmux/client.go:186.3,187.17 2 2
github.com/xrehpicx/wts/internal/tmux/client.go:188.4,189.1 1 0
github.com/xrehpicx/wts/internal/tmux/client.go:190.3,190.13 1 2
github.com/xrehpicx/wts/internal/tmux/client.go:191.4,191.9 1 2
github.com/xrehpicx/wts/internal/tmux/client.go:193.3,193.64 1 0
github.com/xrehpicx/wts/internal/tmux/client.go:194.4,195.1 1 0
github.com/xrehpicx/wts/internal/tmux/client.go:198.2,198.122 1 2
github.com/xrehpicx/wts/internal/tmux/client.go:199.3,200.1 1 0
github.com/xrehpicx/wts/internal/tmux/client.go:201.2,201.12 1 2
github.com/xrehpicx/wts/internal/tmux/client.go:205.2,206.16 2 2
github.com/xrehpicx/wts/internal/tmux/client.go:207.3,207.31 1 0
github.com/xrehpicx/wts/internal/tmux/client.go:208.4,209.1 1 0
github.com/xrehpicx/wts/internal/tmux/client.go:210.3,210.20 1 0
github.com/xrehpicx/wts/internal/tmux/client.go:212.2,212.21 1 2
github.com/xrehpicx/wts/internal/tmux/client.go:213.3,214.1 1 0
github.com/xrehpicx/wts/internal/tmux/client.go:215.2,215.29 1 2
github.com/xrehpicx/wts/internal/tmux/client.go:216.3,216.48 1 3
github.com/xrehpicx/wts/internal/tmux/client.go:217.4,217.12 1 3
github.com/xrehpicx/wts/internal/tmux/client.go:219.3,219.57 1 0
github.com/xrehpicx/wts/internal/tmux/client.go:220.4,220.12 1 0
github.com/xrehpicx/wts/internal/tmux/client.go:222.3,222.20 1 0
github.com/xrehpicx/wts/internal/tmux/client.go:224.2,224.18 1 2
github.com/xrehpicx/wts/internal/tmux/client.go:228.2,228.36 1 0
github.com/xrehpicx/wts/internal/tmux/client.go:229.3,230.17 2 0
github.com/xrehpicx/wts/internal/tmux/client.go:231.4,232.1 1 0
github.com/xrehpicx/wts/internal/tmux/client.go:233.3,233.13 1 0
github.com/xrehpicx/wts/internal/tmux/client.go:235.2,236.16 2 0
github.com/xrehpicx/wts/internal/tmux/client.go:237.3,238.1 1 0
github.com/xrehpicx/wts/internal/tmux/client.go:239.2,239.12 1 0
github.com/xrehpicx/wts/internal/tmux/client.go:243.2,244.16 2 1
github.com/xrehpicx/wts/internal/tmux/client.go:245.3,246.125 2 1
github.com/xrehpicx/wts/internal/tmux/client.go:247.4,248.1 1 0
github.com/xrehpicx/wts/internal/tmux/client.go:249.3,249.61 1 1
github.com/xrehpicx/wts/internal/tmux/client.go:251.2,251.38 1 0
github.com/xrehpicx/wts/internal/tmux/client.go:255.2,255.16 1 0
github.com/xrehpicx/wts/internal/tmux/client.go:256.3,257.1 1 0
github.com/xrehpicx/wts/internal/tmux/client.go:258.2,259.16 2 0
github.com/xrehpicx/wts/internal/tmux/client.go:260.3,261.1 1 0
github.com/xrehpicx/wts/internal/tmux/client.go:262.2,262.20 1 0
github.com/xrehpicx/wts/internal/tmux/client.go:269.2,270.16 2 0
github.com/xrehpicx/wts/internal/tmux/client.go:271.3,272.1 1 0
github.com/xrehpicx/wts/internal/tmux/client.go:273.2,274.47 2 0
github.com/xrehpicx/wts/internal/tmux/client.go:275.3,276.1 1 0
github.com/xrehpicx/wts/internal/tmux/client.go:277.2,277.15 1 0
github.com/xrehpicx/wts/internal/tmux/client.go:278.3,279.1 1 0
github.com/xrehpicx/wts/internal/tmux/client.go:281.2,282.16 2 0
github.com/xrehpicx/wts/internal/tmux/client.go:283.3,283.23 1 0
github.com/xrehpicx/wts/internal/tmux/client.go:284.4,285.1 1 0
github.com/xrehpicx/wts/internal/tmux/client.go:286.3,287.58 2 0
github.com/xrehpicx/wts/internal/tmux/client.go:288.4,289.1 1 0
github.com/xrehpicx/wts/internal/tmux/client.go:290.3,290.64 1 0
github.com/xrehpicx/wts/internal/tmux/client.go:292.2,292.39 1 0
github.com/xrehpicx/wts/internal/tmux/client.go:293.3,294.1 1 0
github.com/xrehpicx/wts/internal/tmux/client.go:295.2,295.23 1 0
github.com/xrehpicx/wts/internal/tmux/client.go:299.2,299.95 1 0
github.com/xrehpicx/wts/internal/tmux/client.go:300.3,301.1 1 0
github.com/xrehpicx/wts/internal/tmux/client.go:302.2,302.18 1 0
github.com/xrehpicx/wts/internal/tmux/client.go:303.3,303.82 1 0
github.com/xrehpicx/wts/internal/tmux/client.go:304.4,305.1 1 0
github.com/xrehpicx/wts/internal/tmux/client.go:307.2,307.29 1 0
github.com/xrehpicx/wts/internal/tmux/client.go:308.3,308.85 1 0
github.com/xrehpicx/wts/internal/tmux/client.go:309.4,310.1 1 0
github.com/xrehpicx/wts/internal/tmux/client.go:311.3,311.13 1 0
github.com/xrehpicx/wts/internal/tmux/client.go:313.2,317.34 5 0
github.com/xrehpicx/wts/internal/tmux/client.go:318.3,319.1 1 0
github.com/xrehpicx/wts/internal/tmux/client.go:320.2,320.12 1 0
github.com/xrehpicx/wts/internal/tmux/client.go:324.2,324.69 1 0
github.com/xrehpicx/wts/internal/tmux/client.go:325.3,326.1 1 0
github.com/xrehpicx/wts/internal/tmux/client.go:327.2,327.12 1 0
github.com/xrehpicx/wts/internal/tmux/client.go:332.2,333.16 2 0
github.com/xrehpicx/wts/internal/tmux/client.go:334.3,335.1 1 0
github.com/xrehpicx/wts/internal/tmux/client.go:336.2,337.1 2 0
github.com/xrehpicx/wts/internal/tmux/client.go:338.2,338.61 2 0
github.com/xrehpicx/wts/internal/tmux/client.go:339.3,341.1 2 0
github.com/xrehpicx/wts/internal/tmux/client.go:343.2,345.99 3 0
github.com/xrehpicx/wts/internal/tmux/client.go:346.3,348.1 2 0
github.com/xrehpicx/wts/internal/tmux/client.go:349.2,349.12 1 0
github.com/xrehpicx/wts/internal/tmux/client.go:358.2,358.21 1 1
github.com/xrehpicx/wts/internal/tmux/client.go:359.3,360.1 1 0
github.com/xrehpicx/wts/internal/tmux/client.go:363.2,363.98 1 1
github.com/xrehpicx/wts/internal/tmux/client.go:364.3,365.1 1 1
github.com/xrehpicx/wts/internal/tmux/client.go:366.2,366.71 1 0
github.com/xrehpicx/wts/internal/tmux/client.go:367.3,367.130 1 0
github.com/xrehpicx/wts/internal/tmux/client.go:368.4,369.1 1 0
github.com/xrehpicx/wts/internal/tmux/client.go:372.2,372.116 1 0
github.com/xrehpicx/wts/internal/tmux/client.go:373.3,374.1 1 0
github.com/xrehpicx/wts/internal/tmux/client.go:375.2,375.12 1 0
github.com/xrehpicx/wts/internal/tmux/client.go:379.2,380.16 2 4
github.com/xrehpicx/wts/internal/tmux/client.go:381.3,382.1 1 0
github.com/xrehpicx/wts/internal/tmux/client.go:383.2,383.35 1 4
github.com/xrehpicx/wts/internal/tmux/client.go:387.2,388.51 2 5
github.com/xrehpicx/wts/internal/tmux/client.go:389.3,390.17 2 8
github.com/xrehpicx/wts/internal/tmux/client.go:391.4,391.12 1 0
github.com/xrehpicx/wts/internal/tmux/client.go:393.3,394.21 2 8
github.com/xrehpicx/wts/internal/tmux/client.go:395.4,395.12 1 0
github.com/xrehpicx/wts/internal/tmux/client.go:397.3,402.1 2 8
github.com/xrehpicx/wts/internal/tmux/client.go:403.3,403.22 2 8
github.com/xrehpicx/wts/internal/tmux/client.go:404.4,405.1 1 8
github.com/xrehpicx/wts/internal/tmux/client.go:406.3,406.22 1 8
github.com/xrehpicx/wts/internal/tmux/client.go:407.4,408.1 1 8
github.com/xrehpicx/wts/internal/tmux/client.go:409.3,409.30 1 8
github.com/xrehpicx/wts/internal/tmux/client.go:411.2,411.14 1 5
github.com/xrehpicx/wts/internal/tmux/client.go:417.2,418.16 2 1
github.com/xrehpicx/wts/internal/tmux/client.go:419.3,419.31 1 0
github.com/xrehpicx/wts/internal/tmux/client.go:420.4,421.1 1 0
github.com/xrehpicx/wts/internal/tmux/client.go:422.3,422.59 1 0
github.com/xrehpicx/wts/internal/tmux/client.go:425.2,425.13 1 1
github.com/xrehpicx/wts/internal/tmux/client.go:426.3,426.87 1 1
github.com/xrehpicx/wts/internal/tmux/client.go:427.4,427.32 1 0
github.com/xrehpicx/wts/internal/tmux/client.go:428.5,429.1 1 0
github.com/xrehpicx/wts/internal/tmux/client.go:430.4,430.59 1 0
github.com/xrehpicx/wts/internal/tmux/client.go:434.2,434.13 1 1
github.com/xrehpicx/wts/internal/tmux/client.go:435.3,436.35 2 1
github.com/xrehpicx/wts/internal/tmux/client.go:437.4,438.18 2 1
github.com/xrehpicx/wts/internal/tmux/client.go:439.5,439.33 1 0
github.com/xrehpicx/wts/internal/tmux/client.go:440.6,441.1 1 0
github.com/xrehpicx/wts/internal/tmux/client.go:442.5,442.61 1 0
github.com/xrehpicx/wts/internal/tmux/client.go:444.4,444.60 1 1
github.com/xrehpicx/wts/internal/tmux/client.go:445.5,445.10 1 1
github.com/xrehpicx/wts/internal/tmux/client.go:447.4,447.65 1 0
github.com/xrehpicx/wts/internal/tmux/client.go:448.5,449.1 1 0
github.com/xrehpicx/wts/internal/tmux/client.go:454.2,454.108 1 1
github.com/xrehpicx/wts/internal/tmux/client.go:455.3,456.1 1 0
github.com/xrehpicx/wts/internal/tmux/client.go:457.2,457.12 1 1
github.com/xrehpicx/wts/internal/tmux/client.go:463.2,464.16 2 2
github.com/xrehpicx/wts/internal/tmux/client.go:465.3,466.1 1 0
github.com/xrehpicx/wts/internal/tmux/client.go:467.2,468.48 2 2
github.com/xrehpicx/wts/internal/tmux/client.go:469.3,470.1 1 0
github.com/xrehpicx/wts/internal/tmux/client.go:471.2,472.21 2 2
github.com/xrehpicx/wts/internal/tmux/client.go:473.3,474.1 1 0
github.com/xrehpicx/wts/internal/tmux/client.go:475.2,475.105 1 2
github.com/xrehpicx/wts/internal/tmux/client.go:479.2,479.16 1 0
github.com/xrehpicx/wts/internal/tmux/client.go:480.3,481.1 1 0
github.com/xrehpicx/wts/internal/tmux/client.go:482.2,483.16 2 0
github.com/xrehpicx/wts/internal/tmux/client.go:484.3,485.1 1 0
github.com/xrehpicx/wts/internal/tmux/client.go:486.2,486.20 1 0
github.com/xrehpicx/wts/internal/tmux/client.go:490.2,491.16 2 0
github.com/xrehpicx/wts/internal/tmux/client.go:492.3,493.1 1 0
github.com/xrehpicx/wts/internal/tmux/client.go:494.2,494.22 1 0
github.com/xrehpicx/wts/internal/tmux/client.go:495.3,496.1 1 0
github.com/xrehpicx/wts/internal/tmux/client.go:497.2,498.60 2 0
github.com/xrehpicx/wts/internal/tmux/client.go:502.2,502.16 1 6
github.com/xrehpicx/wts/internal/tmux/client.go:503.3,504.1 1 0
github.com/xrehpicx/wts/internal/tmux/client.go:505.2,506.112 2 6
github.com/xrehpicx/wts/internal/tmux/client.go:507.3,508.1 1 1
github.com/xrehpicx/wts/internal/tmux/client.go:509.2,515.1 1 5
github.com/xrehpicx/wts/internal/tmux/client.go:516.3,516.42 1 19
github.com/xrehpicx/wts/internal/tmux/client.go:517.4,518.1 1 3
github.com/xrehpicx/wts/internal/tmux/client.go:520.2,520.14 1 2
github.com/xrehpicx/wts/internal/tmux/client.go:524.2,526.9 3 0
github.com/xrehpicx/wts/internal/tmux/client.go:528.3,528.19 1 0
github.com/xrehpicx/wts/internal/tmux/client.go:530.3,530.13 1 0
github.com/xrehpicx/wts/internal/tmux/client.go:535.2,536.21 2 1
github.com/xrehpicx/wts/internal/tmux/client.go:537.3,538.1 1 2
github.com/xrehpicx/wts/internal/tmux/client.go:539.2,540.1 3 1
github.com/xrehpicx/wts/internal/tmux/client.go:541.2,542.27 3 1
github.com/xrehpicx/wts/internal/tmux/client.go:543.3,544.1 1 2
github.com/xrehpicx/wts/internal/tmux/client.go:545.2,546.34 2 1
github.com/xrehpicx/wts/internal/tmux/client.go:550.2,550.17 1 2
github.com/xrehpicx/wts/internal/tmux/client.go:551.3,552.1 1 0
github.com/xrehpicx/wts/internal/tmux/client.go:553.2,553.62 1 2
github.com/xrehpicx/wts/internal/tmux/names.go:12.2,13.1 1 3
github.com/xrehpicx/wts/internal/tmux/names.go:18.2,18.38 1 4
github.com/xrehpicx/wts/internal/tmux/names.go:19.3,20.1 1 2
github.com/xrehpicx/wts/internal/tmux/names.go:21.2,21.11 1 2
github.com/xrehpicx/wts/internal/tmux/names.go:25.2,28.1 3 3
github.com/xrehpicx/wts/internal/tmux/names.go:31.2,34.1 3 2
github.com/xrehpicx/wts/internal/tmux/names.go:37.2,38.1 1 0
github.com/xrehpicx/wts/internal/tmux/names.go:41.2,42.1 1 0
github.com/xrehpicx/wts/internal/tmux/names.go:45.2,46.1 1 0
github.com/xrehpicx/wts/internal/tmux/names.go:49.2,50.1 1 0
github.com/xrehpicx/wts/internal/tmux/names.go:53.2,55.1 2 0
github.com/xrehpicx/wts/internal/tmux/names.go:58.2,59.1 1 0
github.com/xrehpicx/wts/internal/tmux/names.go:64.2,64.13 1 20
github.com/xrehpicx/wts/internal/tmux/names.go:66.3,66.14 1 11
github.com/xrehpicx/wts/internal/tmux/names.go:68.2,68.14 1 9
github.com/xrehpicx/wts/internal/tmux/names.go:72.2,72.17 1 5
github.com/xrehpicx/wts/internal/tmux/names.go:73.3,74.1 1 0
github.com/xrehpicx/wts/internal/tmux/names.go:75.2,77.26 3 5
github.com/xrehpicx/wts/internal/tmux/names.go:78.3,78.10 1 58
github.com/xrehpicx/wts/internal/tmux/names.go:80.4,80.18 1 53
github.com/xrehpicx/wts/internal/tmux/names.go:84.4,84.18 1 1
github.com/xrehpicx/wts/internal/tmux/names.go:86.4,86.20 1 4
github.com/xrehpicx/wts/internal/tmux/names.go:89.2,89.19 1 5
